iverilog -g2005-sv -s tb_CheckVowel_debug -o CheckVowel_debug.vvp p3_tb.sv memory.sv regfile.sv mips.sv
vvp -n CheckVowel_debug.vvp
pc 80020000 write 8011ffd8 to r29
pc 80020004 store xxxxxxxx at [8011fffc]
pc 80020008 write 8011ffd8 to r30
pc 8002000c store 00000000 at [8011ffd8]
pc 80020010 store 00000000 at [8011ffdc]
pc 80020014 write 80020000 to r2
pc 80020018 write 43686563 to r5
pc 8002001c write 8002019c to r3
pc 80020020 write 6b566f77 to r4
pc 80020024 write 8002019c to r3
pc 80020028 write 656c210a to r3
pc 8002002c store 43686563 at [8011ffe0]
pc 80020030 store 6b566f77 at [8011ffe4]
pc 80020034 store 656c210a at [8011ffe8]
pc 80020038 write 8002019c to r2
pc 8002003c write 00000000 to r2
pc 80020040 store 00000000 at [8011ffec]
pc 80020044 store 00000000 at [8011ffed]
pc 80020048 store 00000000 at [8011ffee]
pc 8002004c store 00000000 at [8011ffef]
pc 80020050 store 00000000 at [8011fff0]
pc 80020054 store 00000000 at [8011fff1]
pc 80020058 store 00000000 at [8011fff2]
pc 8002005c store 00000000 at [8011fff3]
pc 80020060 store 00000000 at [8011ffd8]
pc 80020064
pc 80020174 write 00000000 to r2
pc 80020178 write 00000001 to r2
pc 8002017c
pc 8002006c write 00000000 to r2
pc 80020070 write 8011ffd8 to r2
pc 80020074 write 00000043 to r3
pc 80020078 write 00000061 to r2
pc 8002007c
pc 80020080 write 00000000 to r0
pc 80020084 write 00000000 to r2
pc 80020088 write 8011ffd8 to r2
pc 8002008c write 00000043 to r3
pc 80020090 write 00000041 to r2
pc 80020094
pc 80020098 write 00000000 to r0
pc 8002009c write 00000000 to r2
pc 800200a0 write 8011ffd8 to r2
pc 800200a4 write 00000043 to r3
pc 800200a8 write 00000065 to r2
pc 800200ac
pc 800200b0 write 00000000 to r0
pc 800200b4 write 00000000 to r2
pc 800200b8 write 8011ffd8 to r2
pc 800200bc write 00000043 to r3
pc 800200c0 write 00000045 to r2
pc 800200c4
pc 800200c8 write 00000000 to r0
pc 800200cc write 00000000 to r2
pc 800200d0 write 8011ffd8 to r2
pc 800200d4 write 00000043 to r3
pc 800200d8 write 00000069 to r2
pc 800200dc
pc 800200e0 write 00000000 to r0
pc 800200e4 write 00000000 to r2
pc 800200e8 write 8011ffd8 to r2
pc 800200ec write 00000043 to r3
pc 800200f0 write 00000049 to r2
pc 800200f4
pc 800200f8 write 00000000 to r0
pc 800200fc write 00000000 to r2
pc 80020100 write 8011ffd8 to r2
pc 80020104 write 00000043 to r3
pc 80020108 write 0000006f to r2
pc 8002010c
pc 80020110 write 00000000 to r0
pc 80020114 write 00000000 to r2
pc 80020118 write 8011ffd8 to r2
pc 8002011c write 00000043 to r3
pc 80020120 write 0000004f to r2
pc 80020124
pc 80020128 write 00000000 to r0
pc 8002012c write 00000000 to r2
pc 80020130 write 8011ffd8 to r2
pc 80020134 write 00000043 to r3
pc 80020138 write 00000075 to r2
pc 8002013c
pc 80020140 write 00000000 to r0
pc 80020144 write 00000000 to r2
pc 80020148 write 8011ffd8 to r2
pc 8002014c write 00000043 to r3
pc 80020150 write 00000055 to r2
pc 80020154
pc 80020168 write 00000000 to r2
pc 8002016c write 00000001 to r2
pc 80020170 store 00000001 at [8011ffd8]
pc 80020174 write 00000001 to r2
pc 80020178 write 00000001 to r2
pc 8002017c
pc 8002006c write 00000001 to r2
pc 80020070 write 8011ffd9 to r2
pc 80020074 write 00000068 to r3
pc 80020078 write 00000061 to r2
pc 8002007c
pc 80020080 write 00000000 to r0
pc 80020084 write 00000001 to r2
pc 80020088 write 8011ffd9 to r2
pc 8002008c write 00000068 to r3
pc 80020090 write 00000041 to r2
pc 80020094
pc 80020098 write 00000000 to r0
pc 8002009c write 00000001 to r2
pc 800200a0 write 8011ffd9 to r2
pc 800200a4 write 00000068 to r3
pc 800200a8 write 00000065 to r2
pc 800200ac
pc 800200b0 write 00000000 to r0
pc 800200b4 write 00000001 to r2
pc 800200b8 write 8011ffd9 to r2
pc 800200bc write 00000068 to r3
pc 800200c0 write 00000045 to r2
pc 800200c4
pc 800200c8 write 00000000 to r0
pc 800200cc write 00000001 to r2
pc 800200d0 write 8011ffd9 to r2
pc 800200d4 write 00000068 to r3
pc 800200d8 write 00000069 to r2
pc 800200dc
pc 800200e0 write 00000000 to r0
pc 800200e4 write 00000001 to r2
pc 800200e8 write 8011ffd9 to r2
pc 800200ec write 00000068 to r3
pc 800200f0 write 00000049 to r2
pc 800200f4
pc 800200f8 write 00000000 to r0
pc 800200fc write 00000001 to r2
pc 80020100 write 8011ffd9 to r2
pc 80020104 write 00000068 to r3
pc 80020108 write 0000006f to r2
pc 8002010c
pc 80020110 write 00000000 to r0
pc 80020114 write 00000001 to r2
pc 80020118 write 8011ffd9 to r2
pc 8002011c write 00000068 to r3
pc 80020120 write 0000004f to r2
pc 80020124
pc 80020128 write 00000000 to r0
pc 8002012c write 00000001 to r2
pc 80020130 write 8011ffd9 to r2
pc 80020134 write 00000068 to r3
pc 80020138 write 00000075 to r2
pc 8002013c
pc 80020140 write 00000000 to r0
pc 80020144 write 00000001 to r2
pc 80020148 write 8011ffd9 to r2
pc 8002014c write 00000068 to r3
pc 80020150 write 00000055 to r2
pc 80020154
pc 80020168 write 00000001 to r2
pc 8002016c write 00000002 to r2
pc 80020170 store 00000002 at [8011ffd8]
pc 80020174 write 00000002 to r2
pc 80020178 write 00000001 to r2
pc 8002017c
pc 8002006c write 00000002 to r2
pc 80020070 write 8011ffda to r2
pc 80020074 write 00000065 to r3
pc 80020078 write 00000061 to r2
pc 8002007c
pc 80020080 write 00000000 to r0
pc 80020084 write 00000002 to r2
pc 80020088 write 8011ffda to r2
pc 8002008c write 00000065 to r3
pc 80020090 write 00000041 to r2
pc 80020094
pc 80020098 write 00000000 to r0
pc 8002009c write 00000002 to r2
pc 800200a0 write 8011ffda to r2
pc 800200a4 write 00000065 to r3
pc 800200a8 write 00000065 to r2
pc 800200ac
pc 8002015c write 00000000 to r2
pc 80020160 write 00000001 to r2
pc 80020164 store 00000001 at [8011ffdc]
pc 80020168 write 00000002 to r2
pc 8002016c write 00000003 to r2
pc 80020170 store 00000003 at [8011ffd8]
pc 80020174 write 00000003 to r2
pc 80020178 write 00000001 to r2
pc 8002017c
pc 8002006c write 00000003 to r2
pc 80020070 write 8011ffdb to r2
pc 80020074 write 00000063 to r3
pc 80020078 write 00000061 to r2
pc 8002007c
pc 80020080 write 00000000 to r0
pc 80020084 write 00000003 to r2
pc 80020088 write 8011ffdb to r2
pc 8002008c write 00000063 to r3
pc 80020090 write 00000041 to r2
pc 80020094
pc 80020098 write 00000000 to r0
pc 8002009c write 00000003 to r2
pc 800200a0 write 8011ffdb to r2
pc 800200a4 write 00000063 to r3
pc 800200a8 write 00000065 to r2
pc 800200ac
pc 800200b0 write 00000000 to r0
pc 800200b4 write 00000003 to r2
pc 800200b8 write 8011ffdb to r2
pc 800200bc write 00000063 to r3
pc 800200c0 write 00000045 to r2
pc 800200c4
pc 800200c8 write 00000000 to r0
pc 800200cc write 00000003 to r2
pc 800200d0 write 8011ffdb to r2
pc 800200d4 write 00000063 to r3
pc 800200d8 write 00000069 to r2
pc 800200dc
pc 800200e0 write 00000000 to r0
pc 800200e4 write 00000003 to r2
pc 800200e8 write 8011ffdb to r2
pc 800200ec write 00000063 to r3
pc 800200f0 write 00000049 to r2
pc 800200f4
pc 800200f8 write 00000000 to r0
pc 800200fc write 00000003 to r2
pc 80020100 write 8011ffdb to r2
pc 80020104 write 00000063 to r3
pc 80020108 write 0000006f to r2
pc 8002010c
pc 80020110 write 00000000 to r0
pc 80020114 write 00000003 to r2
pc 80020118 write 8011ffdb to r2
pc 8002011c write 00000063 to r3
pc 80020120 write 0000004f to r2
pc 80020124
pc 80020128 write 00000000 to r0
pc 8002012c write 00000003 to r2
pc 80020130 write 8011ffdb to r2
pc 80020134 write 00000063 to r3
pc 80020138 write 00000075 to r2
pc 8002013c
pc 80020140 write 00000000 to r0
pc 80020144 write 00000003 to r2
pc 80020148 write 8011ffdb to r2
pc 8002014c write 00000063 to r3
pc 80020150 write 00000055 to r2
pc 80020154
pc 80020168 write 00000003 to r2
pc 8002016c write 00000004 to r2
pc 80020170 store 00000004 at [8011ffd8]
pc 80020174 write 00000004 to r2
pc 80020178 write 00000001 to r2
pc 8002017c
pc 8002006c write 00000004 to r2
pc 80020070 write 8011ffdc to r2
pc 80020074 write 0000006b to r3
pc 80020078 write 00000061 to r2
pc 8002007c
pc 80020080 write 00000000 to r0
pc 80020084 write 00000004 to r2
pc 80020088 write 8011ffdc to r2
pc 8002008c write 0000006b to r3
pc 80020090 write 00000041 to r2
pc 80020094
pc 80020098 write 00000000 to r0
pc 8002009c write 00000004 to r2
pc 800200a0 write 8011ffdc to r2
pc 800200a4 write 0000006b to r3
pc 800200a8 write 00000065 to r2
pc 800200ac
pc 800200b0 write 00000000 to r0
pc 800200b4 write 00000004 to r2
pc 800200b8 write 8011ffdc to r2
pc 800200bc write 0000006b to r3
pc 800200c0 write 00000045 to r2
pc 800200c4
pc 800200c8 write 00000000 to r0
pc 800200cc write 00000004 to r2
pc 800200d0 write 8011ffdc to r2
pc 800200d4 write 0000006b to r3
pc 800200d8 write 00000069 to r2
pc 800200dc
pc 800200e0 write 00000000 to r0
pc 800200e4 write 00000004 to r2
pc 800200e8 write 8011ffdc to r2
pc 800200ec write 0000006b to r3
pc 800200f0 write 00000049 to r2
pc 800200f4
pc 800200f8 write 00000000 to r0
pc 800200fc write 00000004 to r2
pc 80020100 write 8011ffdc to r2
pc 80020104 write 0000006b to r3
pc 80020108 write 0000006f to r2
pc 8002010c
pc 80020110 write 00000000 to r0
pc 80020114 write 00000004 to r2
pc 80020118 write 8011ffdc to r2
pc 8002011c write 0000006b to r3
pc 80020120 write 0000004f to r2
pc 80020124
pc 80020128 write 00000000 to r0
pc 8002012c write 00000004 to r2
pc 80020130 write 8011ffdc to r2
pc 80020134 write 0000006b to r3
pc 80020138 write 00000075 to r2
pc 8002013c
pc 80020140 write 00000000 to r0
pc 80020144 write 00000004 to r2
pc 80020148 write 8011ffdc to r2
pc 8002014c write 0000006b to r3
pc 80020150 write 00000055 to r2
pc 80020154
pc 80020168 write 00000004 to r2
pc 8002016c write 00000005 to r2
pc 80020170 store 00000005 at [8011ffd8]
pc 80020174 write 00000005 to r2
pc 80020178 write 00000001 to r2
pc 8002017c
pc 8002006c write 00000005 to r2
pc 80020070 write 8011ffdd to r2
pc 80020074 write 00000056 to r3
pc 80020078 write 00000061 to r2
pc 8002007c
pc 80020080 write 00000000 to r0
pc 80020084 write 00000005 to r2
pc 80020088 write 8011ffdd to r2
pc 8002008c write 00000056 to r3
pc 80020090 write 00000041 to r2
pc 80020094
pc 80020098 write 00000000 to r0
pc 8002009c write 00000005 to r2
pc 800200a0 write 8011ffdd to r2
pc 800200a4 write 00000056 to r3
pc 800200a8 write 00000065 to r2
pc 800200ac
pc 800200b0 write 00000000 to r0
pc 800200b4 write 00000005 to r2
pc 800200b8 write 8011ffdd to r2
pc 800200bc write 00000056 to r3
pc 800200c0 write 00000045 to r2
pc 800200c4
pc 800200c8 write 00000000 to r0
pc 800200cc write 00000005 to r2
pc 800200d0 write 8011ffdd to r2
pc 800200d4 write 00000056 to r3
pc 800200d8 write 00000069 to r2
pc 800200dc
pc 800200e0 write 00000000 to r0
pc 800200e4 write 00000005 to r2
pc 800200e8 write 8011ffdd to r2
pc 800200ec write 00000056 to r3
pc 800200f0 write 00000049 to r2
pc 800200f4
pc 800200f8 write 00000000 to r0
pc 800200fc write 00000005 to r2
pc 80020100 write 8011ffdd to r2
pc 80020104 write 00000056 to r3
pc 80020108 write 0000006f to r2
pc 8002010c
pc 80020110 write 00000000 to r0
pc 80020114 write 00000005 to r2
pc 80020118 write 8011ffdd to r2
pc 8002011c write 00000056 to r3
pc 80020120 write 0000004f to r2
pc 80020124
pc 80020128 write 00000000 to r0
pc 8002012c write 00000005 to r2
pc 80020130 write 8011ffdd to r2
pc 80020134 write 00000056 to r3
pc 80020138 write 00000075 to r2
pc 8002013c
pc 80020140 write 00000000 to r0
pc 80020144 write 00000005 to r2
pc 80020148 write 8011ffdd to r2
pc 8002014c write 00000056 to r3
pc 80020150 write 00000055 to r2
pc 80020154
pc 80020168 write 00000005 to r2
pc 8002016c write 00000006 to r2
pc 80020170 store 00000006 at [8011ffd8]
pc 80020174 write 00000006 to r2
pc 80020178 write 00000001 to r2
pc 8002017c
pc 8002006c write 00000006 to r2
pc 80020070 write 8011ffde to r2
pc 80020074 write 0000006f to r3
pc 80020078 write 00000061 to r2
pc 8002007c
pc 80020080 write 00000000 to r0
pc 80020084 write 00000006 to r2
pc 80020088 write 8011ffde to r2
pc 8002008c write 0000006f to r3
pc 80020090 write 00000041 to r2
pc 80020094
pc 80020098 write 00000000 to r0
pc 8002009c write 00000006 to r2
pc 800200a0 write 8011ffde to r2
pc 800200a4 write 0000006f to r3
pc 800200a8 write 00000065 to r2
pc 800200ac
pc 800200b0 write 00000000 to r0
pc 800200b4 write 00000006 to r2
pc 800200b8 write 8011ffde to r2
pc 800200bc write 0000006f to r3
pc 800200c0 write 00000045 to r2
pc 800200c4
pc 800200c8 write 00000000 to r0
pc 800200cc write 00000006 to r2
pc 800200d0 write 8011ffde to r2
pc 800200d4 write 0000006f to r3
pc 800200d8 write 00000069 to r2
pc 800200dc
pc 800200e0 write 00000000 to r0
pc 800200e4 write 00000006 to r2
pc 800200e8 write 8011ffde to r2
pc 800200ec write 0000006f to r3
pc 800200f0 write 00000049 to r2
pc 800200f4
pc 800200f8 write 00000000 to r0
pc 800200fc write 00000006 to r2
pc 80020100 write 8011ffde to r2
pc 80020104 write 0000006f to r3
pc 80020108 write 0000006f to r2
pc 8002010c
pc 8002015c write 00000001 to r2
pc 80020160 write 00000002 to r2
pc 80020164 store 00000002 at [8011ffdc]
pc 80020168 write 00000006 to r2
pc 8002016c write 00000007 to r2
pc 80020170 store 00000007 at [8011ffd8]
pc 80020174 write 00000007 to r2
pc 80020178 write 00000001 to r2
pc 8002017c
pc 8002006c write 00000007 to r2
pc 80020070 write 8011ffdf to r2
pc 80020074 write 00000077 to r3
pc 80020078 write 00000061 to r2
pc 8002007c
pc 80020080 write 00000000 to r0
pc 80020084 write 00000007 to r2
pc 80020088 write 8011ffdf to r2
pc 8002008c write 00000077 to r3
pc 80020090 write 00000041 to r2
pc 80020094
pc 80020098 write 00000000 to r0
pc 8002009c write 00000007 to r2
pc 800200a0 write 8011ffdf to r2
pc 800200a4 write 00000077 to r3
pc 800200a8 write 00000065 to r2
pc 800200ac
pc 800200b0 write 00000000 to r0
pc 800200b4 write 00000007 to r2
pc 800200b8 write 8011ffdf to r2
pc 800200bc write 00000077 to r3
pc 800200c0 write 00000045 to r2
pc 800200c4
pc 800200c8 write 00000000 to r0
pc 800200cc write 00000007 to r2
pc 800200d0 write 8011ffdf to r2
pc 800200d4 write 00000077 to r3
pc 800200d8 write 00000069 to r2
pc 800200dc
pc 800200e0 write 00000000 to r0
pc 800200e4 write 00000007 to r2
pc 800200e8 write 8011ffdf to r2
pc 800200ec write 00000077 to r3
pc 800200f0 write 00000049 to r2
pc 800200f4
pc 800200f8 write 00000000 to r0
pc 800200fc write 00000007 to r2
pc 80020100 write 8011ffdf to r2
pc 80020104 write 00000077 to r3
pc 80020108 write 0000006f to r2
pc 8002010c
pc 80020110 write 00000000 to r0
pc 80020114 write 00000007 to r2
pc 80020118 write 8011ffdf to r2
pc 8002011c write 00000077 to r3
pc 80020120 write 0000004f to r2
pc 80020124
pc 80020128 write 00000000 to r0
pc 8002012c write 00000007 to r2
pc 80020130 write 8011ffdf to r2
pc 80020134 write 00000077 to r3
pc 80020138 write 00000075 to r2
pc 8002013c
pc 80020140 write 00000000 to r0
pc 80020144 write 00000007 to r2
pc 80020148 write 8011ffdf to r2
pc 8002014c write 00000077 to r3
pc 80020150 write 00000055 to r2
pc 80020154
pc 80020168 write 00000007 to r2
pc 8002016c write 00000008 to r2
pc 80020170 store 00000008 at [8011ffd8]
pc 80020174 write 00000008 to r2
pc 80020178 write 00000001 to r2
pc 8002017c
pc 8002006c write 00000008 to r2
pc 80020070 write 8011ffe0 to r2
pc 80020074 write 00000065 to r3
pc 80020078 write 00000061 to r2
pc 8002007c
pc 80020080 write 00000000 to r0
pc 80020084 write 00000008 to r2
pc 80020088 write 8011ffe0 to r2
pc 8002008c write 00000065 to r3
pc 80020090 write 00000041 to r2
pc 80020094
pc 80020098 write 00000000 to r0
pc 8002009c write 00000008 to r2
pc 800200a0 write 8011ffe0 to r2
pc 800200a4 write 00000065 to r3
pc 800200a8 write 00000065 to r2
pc 800200ac
pc 8002015c write 00000002 to r2
pc 80020160 write 00000003 to r2
pc 80020164 store 00000003 at [8011ffdc]
pc 80020168 write 00000008 to r2
pc 8002016c write 00000009 to r2
pc 80020170 store 00000009 at [8011ffd8]
pc 80020174 write 00000009 to r2
pc 80020178 write 00000001 to r2
pc 8002017c
pc 8002006c write 00000009 to r2
pc 80020070 write 8011ffe1 to r2
pc 80020074 write 0000006c to r3
pc 80020078 write 00000061 to r2
pc 8002007c
pc 80020080 write 00000000 to r0
pc 80020084 write 00000009 to r2
pc 80020088 write 8011ffe1 to r2
pc 8002008c write 0000006c to r3
pc 80020090 write 00000041 to r2
pc 80020094
pc 80020098 write 00000000 to r0
pc 8002009c write 00000009 to r2
pc 800200a0 write 8011ffe1 to r2
pc 800200a4 write 0000006c to r3
pc 800200a8 write 00000065 to r2
pc 800200ac
pc 800200b0 write 00000000 to r0
pc 800200b4 write 00000009 to r2
pc 800200b8 write 8011ffe1 to r2
pc 800200bc write 0000006c to r3
pc 800200c0 write 00000045 to r2
pc 800200c4
pc 800200c8 write 00000000 to r0
pc 800200cc write 00000009 to r2
pc 800200d0 write 8011ffe1 to r2
pc 800200d4 write 0000006c to r3
pc 800200d8 write 00000069 to r2
pc 800200dc
pc 800200e0 write 00000000 to r0
pc 800200e4 write 00000009 to r2
pc 800200e8 write 8011ffe1 to r2
pc 800200ec write 0000006c to r3
pc 800200f0 write 00000049 to r2
pc 800200f4
pc 800200f8 write 00000000 to r0
pc 800200fc write 00000009 to r2
pc 80020100 write 8011ffe1 to r2
pc 80020104 write 0000006c to r3
pc 80020108 write 0000006f to r2
pc 8002010c
pc 80020110 write 00000000 to r0
pc 80020114 write 00000009 to r2
pc 80020118 write 8011ffe1 to r2
pc 8002011c write 0000006c to r3
pc 80020120 write 0000004f to r2
pc 80020124
pc 80020128 write 00000000 to r0
pc 8002012c write 00000009 to r2
pc 80020130 write 8011ffe1 to r2
pc 80020134 write 0000006c to r3
pc 80020138 write 00000075 to r2
pc 8002013c
pc 80020140 write 00000000 to r0
pc 80020144 write 00000009 to r2
pc 80020148 write 8011ffe1 to r2
pc 8002014c write 0000006c to r3
pc 80020150 write 00000055 to r2
pc 80020154
pc 80020168 write 00000009 to r2
pc 8002016c write 0000000a to r2
pc 80020170 store 0000000a at [8011ffd8]
pc 80020174 write 0000000a to r2
pc 80020178 write 00000001 to r2
pc 8002017c
pc 8002006c write 0000000a to r2
pc 80020070 write 8011ffe2 to r2
pc 80020074 write 00000021 to r3
pc 80020078 write 00000061 to r2
pc 8002007c
pc 80020080 write 00000000 to r0
pc 80020084 write 0000000a to r2
pc 80020088 write 8011ffe2 to r2
pc 8002008c write 00000021 to r3
pc 80020090 write 00000041 to r2
pc 80020094
pc 80020098 write 00000000 to r0
pc 8002009c write 0000000a to r2
pc 800200a0 write 8011ffe2 to r2
pc 800200a4 write 00000021 to r3
pc 800200a8 write 00000065 to r2
pc 800200ac
pc 800200b0 write 00000000 to r0
pc 800200b4 write 0000000a to r2
pc 800200b8 write 8011ffe2 to r2
pc 800200bc write 00000021 to r3
pc 800200c0 write 00000045 to r2
pc 800200c4
pc 800200c8 write 00000000 to r0
pc 800200cc write 0000000a to r2
pc 800200d0 write 8011ffe2 to r2
pc 800200d4 write 00000021 to r3
pc 800200d8 write 00000069 to r2
pc 800200dc
pc 800200e0 write 00000000 to r0
pc 800200e4 write 0000000a to r2
pc 800200e8 write 8011ffe2 to r2
pc 800200ec write 00000021 to r3
pc 800200f0 write 00000049 to r2
pc 800200f4
pc 800200f8 write 00000000 to r0
pc 800200fc write 0000000a to r2
pc 80020100 write 8011ffe2 to r2
pc 80020104 write 00000021 to r3
pc 80020108 write 0000006f to r2
pc 8002010c
pc 80020110 write 00000000 to r0
pc 80020114 write 0000000a to r2
pc 80020118 write 8011ffe2 to r2
pc 8002011c write 00000021 to r3
pc 80020120 write 0000004f to r2
pc 80020124
pc 80020128 write 00000000 to r0
pc 8002012c write 0000000a to r2
pc 80020130 write 8011ffe2 to r2
pc 80020134 write 00000021 to r3
pc 80020138 write 00000075 to r2
pc 8002013c
pc 80020140 write 00000000 to r0
pc 80020144 write 0000000a to r2
pc 80020148 write 8011ffe2 to r2
pc 8002014c write 00000021 to r3
pc 80020150 write 00000055 to r2
pc 80020154
pc 80020168 write 0000000a to r2
pc 8002016c write 0000000b to r2
pc 80020170 store 0000000b at [8011ffd8]
pc 80020174 write 0000000b to r2
pc 80020178 write 00000001 to r2
pc 8002017c
pc 8002006c write 0000000b to r2
pc 80020070 write 8011ffe3 to r2
pc 80020074 write 0000000a to r3
pc 80020078 write 00000061 to r2
pc 8002007c
pc 80020080 write 00000000 to r0
pc 80020084 write 0000000b to r2
pc 80020088 write 8011ffe3 to r2
pc 8002008c write 0000000a to r3
pc 80020090 write 00000041 to r2
pc 80020094
pc 80020098 write 00000000 to r0
pc 8002009c write 0000000b to r2
pc 800200a0 write 8011ffe3 to r2
pc 800200a4 write 0000000a to r3
pc 800200a8 write 00000065 to r2
pc 800200ac
pc 800200b0 write 00000000 to r0
pc 800200b4 write 0000000b to r2
pc 800200b8 write 8011ffe3 to r2
pc 800200bc write 0000000a to r3
pc 800200c0 write 00000045 to r2
pc 800200c4
pc 800200c8 write 00000000 to r0
pc 800200cc write 0000000b to r2
pc 800200d0 write 8011ffe3 to r2
pc 800200d4 write 0000000a to r3
pc 800200d8 write 00000069 to r2
pc 800200dc
pc 800200e0 write 00000000 to r0
pc 800200e4 write 0000000b to r2
pc 800200e8 write 8011ffe3 to r2
pc 800200ec write 0000000a to r3
pc 800200f0 write 00000049 to r2
pc 800200f4
pc 800200f8 write 00000000 to r0
pc 800200fc write 0000000b to r2
pc 80020100 write 8011ffe3 to r2
pc 80020104 write 0000000a to r3
pc 80020108 write 0000006f to r2
pc 8002010c
pc 80020110 write 00000000 to r0
pc 80020114 write 0000000b to r2
pc 80020118 write 8011ffe3 to r2
pc 8002011c write 0000000a to r3
pc 80020120 write 0000004f to r2
pc 80020124
pc 80020128 write 00000000 to r0
pc 8002012c write 0000000b to r2
pc 80020130 write 8011ffe3 to r2
pc 80020134 write 0000000a to r3
pc 80020138 write 00000075 to r2
pc 8002013c
pc 80020140 write 00000000 to r0
pc 80020144 write 0000000b to r2
pc 80020148 write 8011ffe3 to r2
pc 8002014c write 0000000a to r3
pc 80020150 write 00000055 to r2
pc 80020154
pc 80020168 write 0000000b to r2
pc 8002016c write 0000000c to r2
pc 80020170 store 0000000c at [8011ffd8]
pc 80020174 write 0000000c to r2
pc 80020178 write 00000001 to r2
pc 8002017c
pc 8002006c write 0000000c to r2
pc 80020070 write 8011ffe4 to r2
pc 80020074 write 00000000 to r3
pc 80020078 write 00000061 to r2
pc 8002007c
pc 80020080 write 00000000 to r0
pc 80020084 write 0000000c to r2
pc 80020088 write 8011ffe4 to r2
pc 8002008c write 00000000 to r3
pc 80020090 write 00000041 to r2
pc 80020094
pc 80020098 write 00000000 to r0
pc 8002009c write 0000000c to r2
pc 800200a0 write 8011ffe4 to r2
pc 800200a4 write 00000000 to r3
pc 800200a8 write 00000065 to r2
pc 800200ac
pc 800200b0 write 00000000 to r0
pc 800200b4 write 0000000c to r2
pc 800200b8 write 8011ffe4 to r2
pc 800200bc write 00000000 to r3
pc 800200c0 write 00000045 to r2
pc 800200c4
pc 800200c8 write 00000000 to r0
pc 800200cc write 0000000c to r2
pc 800200d0 write 8011ffe4 to r2
pc 800200d4 write 00000000 to r3
pc 800200d8 write 00000069 to r2
pc 800200dc
pc 800200e0 write 00000000 to r0
pc 800200e4 write 0000000c to r2
pc 800200e8 write 8011ffe4 to r2
pc 800200ec write 00000000 to r3
pc 800200f0 write 00000049 to r2
pc 800200f4
pc 800200f8 write 00000000 to r0
pc 800200fc write 0000000c to r2
pc 80020100 write 8011ffe4 to r2
pc 80020104 write 00000000 to r3
pc 80020108 write 0000006f to r2
pc 8002010c
pc 80020110 write 00000000 to r0
pc 80020114 write 0000000c to r2
pc 80020118 write 8011ffe4 to r2
pc 8002011c write 00000000 to r3
pc 80020120 write 0000004f to r2
pc 80020124
pc 80020128 write 00000000 to r0
pc 8002012c write 0000000c to r2
pc 80020130 write 8011ffe4 to r2
pc 80020134 write 00000000 to r3
pc 80020138 write 00000075 to r2
pc 8002013c
pc 80020140 write 00000000 to r0
pc 80020144 write 0000000c to r2
pc 80020148 write 8011ffe4 to r2
pc 8002014c write 00000000 to r3
pc 80020150 write 00000055 to r2
pc 80020154
pc 80020168 write 0000000c to r2
pc 8002016c write 0000000d to r2
pc 80020170 store 0000000d at [8011ffd8]
pc 80020174 write 0000000d to r2
pc 80020178 write 00000001 to r2
pc 8002017c
pc 8002006c write 0000000d to r2
pc 80020070 write 8011ffe5 to r2
pc 80020074 write 00000000 to r3
pc 80020078 write 00000061 to r2
pc 8002007c
pc 80020080 write 00000000 to r0
pc 80020084 write 0000000d to r2
pc 80020088 write 8011ffe5 to r2
pc 8002008c write 00000000 to r3
pc 80020090 write 00000041 to r2
pc 80020094
pc 80020098 write 00000000 to r0
pc 8002009c write 0000000d to r2
pc 800200a0 write 8011ffe5 to r2
pc 800200a4 write 00000000 to r3
pc 800200a8 write 00000065 to r2
pc 800200ac
pc 800200b0 write 00000000 to r0
pc 800200b4 write 0000000d to r2
pc 800200b8 write 8011ffe5 to r2
pc 800200bc write 00000000 to r3
pc 800200c0 write 00000045 to r2
pc 800200c4
pc 800200c8 write 00000000 to r0
pc 800200cc write 0000000d to r2
pc 800200d0 write 8011ffe5 to r2
pc 800200d4 write 00000000 to r3
pc 800200d8 write 00000069 to r2
pc 800200dc
pc 800200e0 write 00000000 to r0
pc 800200e4 write 0000000d to r2
pc 800200e8 write 8011ffe5 to r2
pc 800200ec write 00000000 to r3
pc 800200f0 write 00000049 to r2
pc 800200f4
pc 800200f8 write 00000000 to r0
pc 800200fc write 0000000d to r2
pc 80020100 write 8011ffe5 to r2
pc 80020104 write 00000000 to r3
pc 80020108 write 0000006f to r2
pc 8002010c
pc 80020110 write 00000000 to r0
pc 80020114 write 0000000d to r2
pc 80020118 write 8011ffe5 to r2
pc 8002011c write 00000000 to r3
pc 80020120 write 0000004f to r2
pc 80020124
pc 80020128 write 00000000 to r0
pc 8002012c write 0000000d to r2
pc 80020130 write 8011ffe5 to r2
pc 80020134 write 00000000 to r3
pc 80020138 write 00000075 to r2
pc 8002013c
pc 80020140 write 00000000 to r0
pc 80020144 write 0000000d to r2
pc 80020148 write 8011ffe5 to r2
pc 8002014c write 00000000 to r3
pc 80020150 write 00000055 to r2
pc 80020154
pc 80020168 write 0000000d to r2
pc 8002016c write 0000000e to r2
pc 80020170 store 0000000e at [8011ffd8]
pc 80020174 write 0000000e to r2
pc 80020178 write 00000001 to r2
pc 8002017c
pc 8002006c write 0000000e to r2
pc 80020070 write 8011ffe6 to r2
pc 80020074 write 00000000 to r3
pc 80020078 write 00000061 to r2
pc 8002007c
pc 80020080 write 00000000 to r0
pc 80020084 write 0000000e to r2
pc 80020088 write 8011ffe6 to r2
pc 8002008c write 00000000 to r3
pc 80020090 write 00000041 to r2
pc 80020094
pc 80020098 write 00000000 to r0
pc 8002009c write 0000000e to r2
pc 800200a0 write 8011ffe6 to r2
pc 800200a4 write 00000000 to r3
pc 800200a8 write 00000065 to r2
pc 800200ac
pc 800200b0 write 00000000 to r0
pc 800200b4 write 0000000e to r2
pc 800200b8 write 8011ffe6 to r2
pc 800200bc write 00000000 to r3
pc 800200c0 write 00000045 to r2
pc 800200c4
pc 800200c8 write 00000000 to r0
pc 800200cc write 0000000e to r2
pc 800200d0 write 8011ffe6 to r2
pc 800200d4 write 00000000 to r3
pc 800200d8 write 00000069 to r2
pc 800200dc
pc 800200e0 write 00000000 to r0
pc 800200e4 write 0000000e to r2
pc 800200e8 write 8011ffe6 to r2
pc 800200ec write 00000000 to r3
pc 800200f0 write 00000049 to r2
pc 800200f4
pc 800200f8 write 00000000 to r0
pc 800200fc write 0000000e to r2
pc 80020100 write 8011ffe6 to r2
pc 80020104 write 00000000 to r3
pc 80020108 write 0000006f to r2
pc 8002010c
pc 80020110 write 00000000 to r0
pc 80020114 write 0000000e to r2
pc 80020118 write 8011ffe6 to r2
pc 8002011c write 00000000 to r3
pc 80020120 write 0000004f to r2
pc 80020124
pc 80020128 write 00000000 to r0
pc 8002012c write 0000000e to r2
pc 80020130 write 8011ffe6 to r2
pc 80020134 write 00000000 to r3
pc 80020138 write 00000075 to r2
pc 8002013c
pc 80020140 write 00000000 to r0
pc 80020144 write 0000000e to r2
pc 80020148 write 8011ffe6 to r2
pc 8002014c write 00000000 to r3
pc 80020150 write 00000055 to r2
pc 80020154
pc 80020168 write 0000000e to r2
pc 8002016c write 0000000f to r2
pc 80020170 store 0000000f at [8011ffd8]
pc 80020174 write 0000000f to r2
pc 80020178 write 00000001 to r2
pc 8002017c
pc 8002006c write 0000000f to r2
pc 80020070 write 8011ffe7 to r2
pc 80020074 write 00000000 to r3
pc 80020078 write 00000061 to r2
pc 8002007c
pc 80020080 write 00000000 to r0
pc 80020084 write 0000000f to r2
pc 80020088 write 8011ffe7 to r2
pc 8002008c write 00000000 to r3
pc 80020090 write 00000041 to r2
pc 80020094
pc 80020098 write 00000000 to r0
pc 8002009c write 0000000f to r2
pc 800200a0 write 8011ffe7 to r2
pc 800200a4 write 00000000 to r3
pc 800200a8 write 00000065 to r2
pc 800200ac
pc 800200b0 write 00000000 to r0
pc 800200b4 write 0000000f to r2
pc 800200b8 write 8011ffe7 to r2
pc 800200bc write 00000000 to r3
pc 800200c0 write 00000045 to r2
pc 800200c4
pc 800200c8 write 00000000 to r0
pc 800200cc write 0000000f to r2
pc 800200d0 write 8011ffe7 to r2
pc 800200d4 write 00000000 to r3
pc 800200d8 write 00000069 to r2
pc 800200dc
pc 800200e0 write 00000000 to r0
pc 800200e4 write 0000000f to r2
pc 800200e8 write 8011ffe7 to r2
pc 800200ec write 00000000 to r3
pc 800200f0 write 00000049 to r2
pc 800200f4
pc 800200f8 write 00000000 to r0
pc 800200fc write 0000000f to r2
pc 80020100 write 8011ffe7 to r2
pc 80020104 write 00000000 to r3
pc 80020108 write 0000006f to r2
pc 8002010c
pc 80020110 write 00000000 to r0
pc 80020114 write 0000000f to r2
pc 80020118 write 8011ffe7 to r2
pc 8002011c write 00000000 to r3
pc 80020120 write 0000004f to r2
pc 80020124
pc 80020128 write 00000000 to r0
pc 8002012c write 0000000f to r2
pc 80020130 write 8011ffe7 to r2
pc 80020134 write 00000000 to r3
pc 80020138 write 00000075 to r2
pc 8002013c
pc 80020140 write 00000000 to r0
pc 80020144 write 0000000f to r2
pc 80020148 write 8011ffe7 to r2
pc 8002014c write 00000000 to r3
pc 80020150 write 00000055 to r2
pc 80020154
pc 80020168 write 0000000f to r2
pc 8002016c write 00000010 to r2
pc 80020170 store 00000010 at [8011ffd8]
pc 80020174 write 00000010 to r2
pc 80020178 write 00000001 to r2
pc 8002017c
pc 8002006c write 00000010 to r2
pc 80020070 write 8011ffe8 to r2
pc 80020074 write 00000000 to r3
pc 80020078 write 00000061 to r2
pc 8002007c
pc 80020080 write 00000000 to r0
pc 80020084 write 00000010 to r2
pc 80020088 write 8011ffe8 to r2
pc 8002008c write 00000000 to r3
pc 80020090 write 00000041 to r2
pc 80020094
pc 80020098 write 00000000 to r0
pc 8002009c write 00000010 to r2
pc 800200a0 write 8011ffe8 to r2
pc 800200a4 write 00000000 to r3
pc 800200a8 write 00000065 to r2
pc 800200ac
pc 800200b0 write 00000000 to r0
pc 800200b4 write 00000010 to r2
pc 800200b8 write 8011ffe8 to r2
pc 800200bc write 00000000 to r3
pc 800200c0 write 00000045 to r2
pc 800200c4
pc 800200c8 write 00000000 to r0
pc 800200cc write 00000010 to r2
pc 800200d0 write 8011ffe8 to r2
pc 800200d4 write 00000000 to r3
pc 800200d8 write 00000069 to r2
pc 800200dc
pc 800200e0 write 00000000 to r0
pc 800200e4 write 00000010 to r2
pc 800200e8 write 8011ffe8 to r2
pc 800200ec write 00000000 to r3
pc 800200f0 write 00000049 to r2
pc 800200f4
pc 800200f8 write 00000000 to r0
pc 800200fc write 00000010 to r2
pc 80020100 write 8011ffe8 to r2
pc 80020104 write 00000000 to r3
pc 80020108 write 0000006f to r2
pc 8002010c
pc 80020110 write 00000000 to r0
pc 80020114 write 00000010 to r2
pc 80020118 write 8011ffe8 to r2
pc 8002011c write 00000000 to r3
pc 80020120 write 0000004f to r2
pc 80020124
pc 80020128 write 00000000 to r0
pc 8002012c write 00000010 to r2
pc 80020130 write 8011ffe8 to r2
pc 80020134 write 00000000 to r3
pc 80020138 write 00000075 to r2
pc 8002013c
pc 80020140 write 00000000 to r0
pc 80020144 write 00000010 to r2
pc 80020148 write 8011ffe8 to r2
pc 8002014c write 00000000 to r3
pc 80020150 write 00000055 to r2
pc 80020154
pc 80020168 write 00000010 to r2
pc 8002016c write 00000011 to r2
pc 80020170 store 00000011 at [8011ffd8]
pc 80020174 write 00000011 to r2
pc 80020178 write 00000001 to r2
pc 8002017c
pc 8002006c write 00000011 to r2
pc 80020070 write 8011ffe9 to r2
pc 80020074 write 00000000 to r3
pc 80020078 write 00000061 to r2
pc 8002007c
pc 80020080 write 00000000 to r0
pc 80020084 write 00000011 to r2
pc 80020088 write 8011ffe9 to r2
pc 8002008c write 00000000 to r3
pc 80020090 write 00000041 to r2
pc 80020094
pc 80020098 write 00000000 to r0
pc 8002009c write 00000011 to r2
pc 800200a0 write 8011ffe9 to r2
pc 800200a4 write 00000000 to r3
pc 800200a8 write 00000065 to r2
pc 800200ac
pc 800200b0 write 00000000 to r0
pc 800200b4 write 00000011 to r2
pc 800200b8 write 8011ffe9 to r2
pc 800200bc write 00000000 to r3
pc 800200c0 write 00000045 to r2
pc 800200c4
pc 800200c8 write 00000000 to r0
pc 800200cc write 00000011 to r2
pc 800200d0 write 8011ffe9 to r2
pc 800200d4 write 00000000 to r3
pc 800200d8 write 00000069 to r2
pc 800200dc
pc 800200e0 write 00000000 to r0
pc 800200e4 write 00000011 to r2
pc 800200e8 write 8011ffe9 to r2
pc 800200ec write 00000000 to r3
pc 800200f0 write 00000049 to r2
pc 800200f4
pc 800200f8 write 00000000 to r0
pc 800200fc write 00000011 to r2
pc 80020100 write 8011ffe9 to r2
pc 80020104 write 00000000 to r3
pc 80020108 write 0000006f to r2
pc 8002010c
pc 80020110 write 00000000 to r0
pc 80020114 write 00000011 to r2
pc 80020118 write 8011ffe9 to r2
pc 8002011c write 00000000 to r3
pc 80020120 write 0000004f to r2
pc 80020124
pc 80020128 write 00000000 to r0
pc 8002012c write 00000011 to r2
pc 80020130 write 8011ffe9 to r2
pc 80020134 write 00000000 to r3
pc 80020138 write 00000075 to r2
pc 8002013c
pc 80020140 write 00000000 to r0
pc 80020144 write 00000011 to r2
pc 80020148 write 8011ffe9 to r2
pc 8002014c write 00000000 to r3
pc 80020150 write 00000055 to r2
pc 80020154
pc 80020168 write 00000011 to r2
pc 8002016c write 00000012 to r2
pc 80020170 store 00000012 at [8011ffd8]
pc 80020174 write 00000012 to r2
pc 80020178 write 00000001 to r2
pc 8002017c
pc 8002006c write 00000012 to r2
pc 80020070 write 8011ffea to r2
pc 80020074 write 00000000 to r3
pc 80020078 write 00000061 to r2
pc 8002007c
pc 80020080 write 00000000 to r0
pc 80020084 write 00000012 to r2
pc 80020088 write 8011ffea to r2
pc 8002008c write 00000000 to r3
pc 80020090 write 00000041 to r2
pc 80020094
pc 80020098 write 00000000 to r0
pc 8002009c write 00000012 to r2
pc 800200a0 write 8011ffea to r2
pc 800200a4 write 00000000 to r3
pc 800200a8 write 00000065 to r2
pc 800200ac
pc 800200b0 write 00000000 to r0
pc 800200b4 write 00000012 to r2
pc 800200b8 write 8011ffea to r2
pc 800200bc write 00000000 to r3
pc 800200c0 write 00000045 to r2
pc 800200c4
pc 800200c8 write 00000000 to r0
pc 800200cc write 00000012 to r2
pc 800200d0 write 8011ffea to r2
pc 800200d4 write 00000000 to r3
pc 800200d8 write 00000069 to r2
pc 800200dc
pc 800200e0 write 00000000 to r0
pc 800200e4 write 00000012 to r2
pc 800200e8 write 8011ffea to r2
pc 800200ec write 00000000 to r3
pc 800200f0 write 00000049 to r2
pc 800200f4
pc 800200f8 write 00000000 to r0
pc 800200fc write 00000012 to r2
pc 80020100 write 8011ffea to r2
pc 80020104 write 00000000 to r3
pc 80020108 write 0000006f to r2
pc 8002010c
pc 80020110 write 00000000 to r0
pc 80020114 write 00000012 to r2
pc 80020118 write 8011ffea to r2
pc 8002011c write 00000000 to r3
pc 80020120 write 0000004f to r2
pc 80020124
pc 80020128 write 00000000 to r0
pc 8002012c write 00000012 to r2
pc 80020130 write 8011ffea to r2
pc 80020134 write 00000000 to r3
pc 80020138 write 00000075 to r2
pc 8002013c
pc 80020140 write 00000000 to r0
pc 80020144 write 00000012 to r2
pc 80020148 write 8011ffea to r2
pc 8002014c write 00000000 to r3
pc 80020150 write 00000055 to r2
pc 80020154
pc 80020168 write 00000012 to r2
pc 8002016c write 00000013 to r2
pc 80020170 store 00000013 at [8011ffd8]
pc 80020174 write 00000013 to r2
pc 80020178 write 00000001 to r2
pc 8002017c
pc 8002006c write 00000013 to r2
pc 80020070 write 8011ffeb to r2
pc 80020074 write 00000000 to r3
pc 80020078 write 00000061 to r2
pc 8002007c
pc 80020080 write 00000000 to r0
pc 80020084 write 00000013 to r2
pc 80020088 write 8011ffeb to r2
pc 8002008c write 00000000 to r3
pc 80020090 write 00000041 to r2
pc 80020094
pc 80020098 write 00000000 to r0
pc 8002009c write 00000013 to r2
pc 800200a0 write 8011ffeb to r2
pc 800200a4 write 00000000 to r3
pc 800200a8 write 00000065 to r2
pc 800200ac
pc 800200b0 write 00000000 to r0
pc 800200b4 write 00000013 to r2
pc 800200b8 write 8011ffeb to r2
pc 800200bc write 00000000 to r3
pc 800200c0 write 00000045 to r2
pc 800200c4
pc 800200c8 write 00000000 to r0
pc 800200cc write 00000013 to r2
pc 800200d0 write 8011ffeb to r2
pc 800200d4 write 00000000 to r3
pc 800200d8 write 00000069 to r2
pc 800200dc
pc 800200e0 write 00000000 to r0
pc 800200e4 write 00000013 to r2
pc 800200e8 write 8011ffeb to r2
pc 800200ec write 00000000 to r3
pc 800200f0 write 00000049 to r2
pc 800200f4
pc 800200f8 write 00000000 to r0
pc 800200fc write 00000013 to r2
pc 80020100 write 8011ffeb to r2
pc 80020104 write 00000000 to r3
pc 80020108 write 0000006f to r2
pc 8002010c
pc 80020110 write 00000000 to r0
pc 80020114 write 00000013 to r2
pc 80020118 write 8011ffeb to r2
pc 8002011c write 00000000 to r3
pc 80020120 write 0000004f to r2
pc 80020124
pc 80020128 write 00000000 to r0
pc 8002012c write 00000013 to r2
pc 80020130 write 8011ffeb to r2
pc 80020134 write 00000000 to r3
pc 80020138 write 00000075 to r2
pc 8002013c
pc 80020140 write 00000000 to r0
pc 80020144 write 00000013 to r2
pc 80020148 write 8011ffeb to r2
pc 8002014c write 00000000 to r3
pc 80020150 write 00000055 to r2
pc 80020154
pc 80020168 write 00000013 to r2
pc 8002016c write 00000014 to r2
pc 80020170 store 00000014 at [8011ffd8]
pc 80020174 write 00000014 to r2
pc 80020178 write 00000000 to r2
pc 8002017c
pc 80020180 write 00000000 to r0
pc 80020184 write 00000000 to r2
pc 80020188 write 8011ffd8 to r29
pc 8002018c write xxxxxxxx to r30
pc 80020190 write 80120000 to r29
pc 80020194
