iverilog -g2005-sv -s tb_fact_debug -o fact_debug.vvp p3_tb.sv memory.sv regfile.sv mips.sv
vvp -n fact_debug.vvp
pc 80020000 write 8011ffe0 to r29
pc 80020004 store 00000000 at [8011fffc]
pc 80020008 store xxxxxxxx at [8011fff8]
pc 8002000c write 8011ffe0 to r30
pc 80020010 store 00000000 at [8011fff0]
pc 80020014
pc 80020038 write 00000000 to r2
pc 8002003c write 00000001 to r2
pc 80020040
pc 8002001c write 00000000 to r4
pc 80020020 write 80020028 to r31
pc 80020064 write 8011ffc8 to r29
pc 80020068 store 80020028 at [8011ffdc]
pc 8002006c store 8011ffe0 at [8011ffd8]
pc 80020070 write 8011ffc8 to r30
pc 80020074 store 00000000 at [8011ffe0]
pc 80020078 write 00000000 to r2
pc 8002007c
pc 80020080 write 00000000 to r0
pc 80020084 write 00000001 to r2
pc 80020088
pc 800200b0 write 8011ffc8 to r29
pc 800200b4 write 80020028 to r31
pc 800200b8 write 8011ffe0 to r30
pc 800200bc write 8011ffe0 to r29
pc 800200c0
pc 80020028 store 00000001 at [8011fff4]
pc 8002002c write 00000000 to r2
pc 80020030 write 00000001 to r2
pc 80020034 store 00000001 at [8011fff0]
pc 80020038 write 00000001 to r2
pc 8002003c write 00000001 to r2
pc 80020040
pc 8002001c write 00000001 to r4
pc 80020020 write 80020028 to r31
pc 80020064 write 8011ffc8 to r29
pc 80020068 store 80020028 at [8011ffdc]
pc 8002006c store 8011ffe0 at [8011ffd8]
pc 80020070 write 8011ffc8 to r30
pc 80020074 store 00000001 at [8011ffe0]
pc 80020078 write 00000001 to r2
pc 8002007c
pc 80020090 write 00000001 to r2
pc 80020094 write 00000000 to r2
pc 80020098 write 00000000 to r4
pc 8002009c write 800200a4 to r31
pc 80020064 write 8011ffb0 to r29
pc 80020068 store 800200a4 at [8011ffc4]
pc 8002006c store 8011ffc8 at [8011ffc0]
pc 80020070 write 8011ffb0 to r30
pc 80020074 store 00000000 at [8011ffc8]
pc 80020078 write 00000000 to r2
pc 8002007c
pc 80020080 write 00000000 to r0
pc 80020084 write 00000001 to r2
pc 80020088
pc 800200b0 write 8011ffb0 to r29
pc 800200b4 write 800200a4 to r31
pc 800200b8 write 8011ffc8 to r30
pc 800200bc write 8011ffc8 to r29
pc 800200c0
pc 800200a4 write 00000001 to r3
pc 800200a8 write 00000001 to r2
pc 800200ac write 00000001 to r2
pc 800200b0 write 8011ffc8 to r29
pc 800200b4 write 80020028 to r31
pc 800200b8 write 8011ffe0 to r30
pc 800200bc write 8011ffe0 to r29
pc 800200c0
pc 80020028 store 00000001 at [8011fff4]
pc 8002002c write 00000001 to r2
pc 80020030 write 00000002 to r2
pc 80020034 store 00000002 at [8011fff0]
pc 80020038 write 00000002 to r2
pc 8002003c write 00000001 to r2
pc 80020040
pc 8002001c write 00000002 to r4
pc 80020020 write 80020028 to r31
pc 80020064 write 8011ffc8 to r29
pc 80020068 store 80020028 at [8011ffdc]
pc 8002006c store 8011ffe0 at [8011ffd8]
pc 80020070 write 8011ffc8 to r30
pc 80020074 store 00000002 at [8011ffe0]
pc 80020078 write 00000002 to r2
pc 8002007c
pc 80020090 write 00000002 to r2
pc 80020094 write 00000001 to r2
pc 80020098 write 00000001 to r4
pc 8002009c write 800200a4 to r31
pc 80020064 write 8011ffb0 to r29
pc 80020068 store 800200a4 at [8011ffc4]
pc 8002006c store 8011ffc8 at [8011ffc0]
pc 80020070 write 8011ffb0 to r30
pc 80020074 store 00000001 at [8011ffc8]
pc 80020078 write 00000001 to r2
pc 8002007c
pc 80020090 write 00000001 to r2
pc 80020094 write 00000000 to r2
pc 80020098 write 00000000 to r4
pc 8002009c write 800200a4 to r31
pc 80020064 write 8011ff98 to r29
pc 80020068 store 800200a4 at [8011ffac]
pc 8002006c store 8011ffb0 at [8011ffa8]
pc 80020070 write 8011ff98 to r30
pc 80020074 store 00000000 at [8011ffb0]
pc 80020078 write 00000000 to r2
pc 8002007c
pc 80020080 write 00000000 to r0
pc 80020084 write 00000001 to r2
pc 80020088
pc 800200b0 write 8011ff98 to r29
pc 800200b4 write 800200a4 to r31
pc 800200b8 write 8011ffb0 to r30
pc 800200bc write 8011ffb0 to r29
pc 800200c0
pc 800200a4 write 00000001 to r3
pc 800200a8 write 00000001 to r2
pc 800200ac write 00000001 to r2
pc 800200b0 write 8011ffb0 to r29
pc 800200b4 write 800200a4 to r31
pc 800200b8 write 8011ffc8 to r30
pc 800200bc write 8011ffc8 to r29
pc 800200c0
pc 800200a4 write 00000001 to r3
pc 800200a8 write 00000002 to r2
pc 800200ac write 00000002 to r2
pc 800200b0 write 8011ffc8 to r29
pc 800200b4 write 80020028 to r31
pc 800200b8 write 8011ffe0 to r30
pc 800200bc write 8011ffe0 to r29
pc 800200c0
pc 80020028 store 00000002 at [8011fff4]
pc 8002002c write 00000002 to r2
pc 80020030 write 00000003 to r2
pc 80020034 store 00000003 at [8011fff0]
pc 80020038 write 00000003 to r2
pc 8002003c write 00000001 to r2
pc 80020040
pc 8002001c write 00000003 to r4
pc 80020020 write 80020028 to r31
pc 80020064 write 8011ffc8 to r29
pc 80020068 store 80020028 at [8011ffdc]
pc 8002006c store 8011ffe0 at [8011ffd8]
pc 80020070 write 8011ffc8 to r30
pc 80020074 store 00000003 at [8011ffe0]
pc 80020078 write 00000003 to r2
pc 8002007c
pc 80020090 write 00000003 to r2
pc 80020094 write 00000002 to r2
pc 80020098 write 00000002 to r4
pc 8002009c write 800200a4 to r31
pc 80020064 write 8011ffb0 to r29
pc 80020068 store 800200a4 at [8011ffc4]
pc 8002006c store 8011ffc8 at [8011ffc0]
pc 80020070 write 8011ffb0 to r30
pc 80020074 store 00000002 at [8011ffc8]
pc 80020078 write 00000002 to r2
pc 8002007c
pc 80020090 write 00000002 to r2
pc 80020094 write 00000001 to r2
pc 80020098 write 00000001 to r4
pc 8002009c write 800200a4 to r31
pc 80020064 write 8011ff98 to r29
pc 80020068 store 800200a4 at [8011ffac]
pc 8002006c store 8011ffb0 at [8011ffa8]
pc 80020070 write 8011ff98 to r30
pc 80020074 store 00000001 at [8011ffb0]
pc 80020078 write 00000001 to r2
pc 8002007c
pc 80020090 write 00000001 to r2
pc 80020094 write 00000000 to r2
pc 80020098 write 00000000 to r4
pc 8002009c write 800200a4 to r31
pc 80020064 write 8011ff80 to r29
pc 80020068 store 800200a4 at [8011ff94]
pc 8002006c store 8011ff98 at [8011ff90]
pc 80020070 write 8011ff80 to r30
pc 80020074 store 00000000 at [8011ff98]
pc 80020078 write 00000000 to r2
pc 8002007c
pc 80020080 write 00000000 to r0
pc 80020084 write 00000001 to r2
pc 80020088
pc 800200b0 write 8011ff80 to r29
pc 800200b4 write 800200a4 to r31
pc 800200b8 write 8011ff98 to r30
pc 800200bc write 8011ff98 to r29
pc 800200c0
pc 800200a4 write 00000001 to r3
pc 800200a8 write 00000001 to r2
pc 800200ac write 00000001 to r2
pc 800200b0 write 8011ff98 to r29
pc 800200b4 write 800200a4 to r31
pc 800200b8 write 8011ffb0 to r30
pc 800200bc write 8011ffb0 to r29
pc 800200c0
pc 800200a4 write 00000001 to r3
pc 800200a8 write 00000002 to r2
pc 800200ac write 00000002 to r2
pc 800200b0 write 8011ffb0 to r29
pc 800200b4 write 800200a4 to r31
pc 800200b8 write 8011ffc8 to r30
pc 800200bc write 8011ffc8 to r29
pc 800200c0
pc 800200a4 write 00000002 to r3
pc 800200a8 write 00000003 to r2
pc 800200ac write 00000006 to r2
pc 800200b0 write 8011ffc8 to r29
pc 800200b4 write 80020028 to r31
pc 800200b8 write 8011ffe0 to r30
pc 800200bc write 8011ffe0 to r29
pc 800200c0
pc 80020028 store 00000006 at [8011fff4]
pc 8002002c write 00000003 to r2
pc 80020030 write 00000004 to r2
pc 80020034 store 00000004 at [8011fff0]
pc 80020038 write 00000004 to r2
pc 8002003c write 00000001 to r2
pc 80020040
pc 8002001c write 00000004 to r4
pc 80020020 write 80020028 to r31
pc 80020064 write 8011ffc8 to r29
pc 80020068 store 80020028 at [8011ffdc]
pc 8002006c store 8011ffe0 at [8011ffd8]
pc 80020070 write 8011ffc8 to r30
pc 80020074 store 00000004 at [8011ffe0]
pc 80020078 write 00000004 to r2
pc 8002007c
pc 80020090 write 00000004 to r2
pc 80020094 write 00000003 to r2
pc 80020098 write 00000003 to r4
pc 8002009c write 800200a4 to r31
pc 80020064 write 8011ffb0 to r29
pc 80020068 store 800200a4 at [8011ffc4]
pc 8002006c store 8011ffc8 at [8011ffc0]
pc 80020070 write 8011ffb0 to r30
pc 80020074 store 00000003 at [8011ffc8]
pc 80020078 write 00000003 to r2
pc 8002007c
pc 80020090 write 00000003 to r2
pc 80020094 write 00000002 to r2
pc 80020098 write 00000002 to r4
pc 8002009c write 800200a4 to r31
pc 80020064 write 8011ff98 to r29
pc 80020068 store 800200a4 at [8011ffac]
pc 8002006c store 8011ffb0 at [8011ffa8]
pc 80020070 write 8011ff98 to r30
pc 80020074 store 00000002 at [8011ffb0]
pc 80020078 write 00000002 to r2
pc 8002007c
pc 80020090 write 00000002 to r2
pc 80020094 write 00000001 to r2
pc 80020098 write 00000001 to r4
pc 8002009c write 800200a4 to r31
pc 80020064 write 8011ff80 to r29
pc 80020068 store 800200a4 at [8011ff94]
pc 8002006c store 8011ff98 at [8011ff90]
pc 80020070 write 8011ff80 to r30
pc 80020074 store 00000001 at [8011ff98]
pc 80020078 write 00000001 to r2
pc 8002007c
pc 80020090 write 00000001 to r2
pc 80020094 write 00000000 to r2
pc 80020098 write 00000000 to r4
pc 8002009c write 800200a4 to r31
pc 80020064 write 8011ff68 to r29
pc 80020068 store 800200a4 at [8011ff7c]
pc 8002006c store 8011ff80 at [8011ff78]
pc 80020070 write 8011ff68 to r30
pc 80020074 store 00000000 at [8011ff80]
pc 80020078 write 00000000 to r2
pc 8002007c
pc 80020080 write 00000000 to r0
pc 80020084 write 00000001 to r2
pc 80020088
pc 800200b0 write 8011ff68 to r29
pc 800200b4 write 800200a4 to r31
pc 800200b8 write 8011ff80 to r30
pc 800200bc write 8011ff80 to r29
pc 800200c0
pc 800200a4 write 00000001 to r3
pc 800200a8 write 00000001 to r2
pc 800200ac write 00000001 to r2
pc 800200b0 write 8011ff80 to r29
pc 800200b4 write 800200a4 to r31
pc 800200b8 write 8011ff98 to r30
pc 800200bc write 8011ff98 to r29
pc 800200c0
pc 800200a4 write 00000001 to r3
pc 800200a8 write 00000002 to r2
pc 800200ac write 00000002 to r2
pc 800200b0 write 8011ff98 to r29
pc 800200b4 write 800200a4 to r31
pc 800200b8 write 8011ffb0 to r30
pc 800200bc write 8011ffb0 to r29
pc 800200c0
pc 800200a4 write 00000002 to r3
pc 800200a8 write 00000003 to r2
pc 800200ac write 00000006 to r2
pc 800200b0 write 8011ffb0 to r29
pc 800200b4 write 800200a4 to r31
pc 800200b8 write 8011ffc8 to r30
pc 800200bc write 8011ffc8 to r29
pc 800200c0
pc 800200a4 write 00000006 to r3
pc 800200a8 write 00000004 to r2
pc 800200ac write 00000018 to r2
pc 800200b0 write 8011ffc8 to r29
pc 800200b4 write 80020028 to r31
pc 800200b8 write 8011ffe0 to r30
pc 800200bc write 8011ffe0 to r29
pc 800200c0
pc 80020028 store 00000018 at [8011fff4]
pc 8002002c write 00000004 to r2
pc 80020030 write 00000005 to r2
pc 80020034 store 00000005 at [8011fff0]
pc 80020038 write 00000005 to r2
pc 8002003c write 00000001 to r2
pc 80020040
pc 8002001c write 00000005 to r4
pc 80020020 write 80020028 to r31
pc 80020064 write 8011ffc8 to r29
pc 80020068 store 80020028 at [8011ffdc]
pc 8002006c store 8011ffe0 at [8011ffd8]
pc 80020070 write 8011ffc8 to r30
pc 80020074 store 00000005 at [8011ffe0]
pc 80020078 write 00000005 to r2
pc 8002007c
pc 80020090 write 00000005 to r2
pc 80020094 write 00000004 to r2
pc 80020098 write 00000004 to r4
pc 8002009c write 800200a4 to r31
pc 80020064 write 8011ffb0 to r29
pc 80020068 store 800200a4 at [8011ffc4]
pc 8002006c store 8011ffc8 at [8011ffc0]
pc 80020070 write 8011ffb0 to r30
pc 80020074 store 00000004 at [8011ffc8]
pc 80020078 write 00000004 to r2
pc 8002007c
pc 80020090 write 00000004 to r2
pc 80020094 write 00000003 to r2
pc 80020098 write 00000003 to r4
pc 8002009c write 800200a4 to r31
pc 80020064 write 8011ff98 to r29
pc 80020068 store 800200a4 at [8011ffac]
pc 8002006c store 8011ffb0 at [8011ffa8]
pc 80020070 write 8011ff98 to r30
pc 80020074 store 00000003 at [8011ffb0]
pc 80020078 write 00000003 to r2
pc 8002007c
pc 80020090 write 00000003 to r2
pc 80020094 write 00000002 to r2
pc 80020098 write 00000002 to r4
pc 8002009c write 800200a4 to r31
pc 80020064 write 8011ff80 to r29
pc 80020068 store 800200a4 at [8011ff94]
pc 8002006c store 8011ff98 at [8011ff90]
pc 80020070 write 8011ff80 to r30
pc 80020074 store 00000002 at [8011ff98]
pc 80020078 write 00000002 to r2
pc 8002007c
pc 80020090 write 00000002 to r2
pc 80020094 write 00000001 to r2
pc 80020098 write 00000001 to r4
pc 8002009c write 800200a4 to r31
pc 80020064 write 8011ff68 to r29
pc 80020068 store 800200a4 at [8011ff7c]
pc 8002006c store 8011ff80 at [8011ff78]
pc 80020070 write 8011ff68 to r30
pc 80020074 store 00000001 at [8011ff80]
pc 80020078 write 00000001 to r2
pc 8002007c
pc 80020090 write 00000001 to r2
pc 80020094 write 00000000 to r2
pc 80020098 write 00000000 to r4
pc 8002009c write 800200a4 to r31
pc 80020064 write 8011ff50 to r29
pc 80020068 store 800200a4 at [8011ff64]
pc 8002006c store 8011ff68 at [8011ff60]
pc 80020070 write 8011ff50 to r30
pc 80020074 store 00000000 at [8011ff68]
pc 80020078 write 00000000 to r2
pc 8002007c
pc 80020080 write 00000000 to r0
pc 80020084 write 00000001 to r2
pc 80020088
pc 800200b0 write 8011ff50 to r29
pc 800200b4 write 800200a4 to r31
pc 800200b8 write 8011ff68 to r30
pc 800200bc write 8011ff68 to r29
pc 800200c0
pc 800200a4 write 00000001 to r3
pc 800200a8 write 00000001 to r2
pc 800200ac write 00000001 to r2
pc 800200b0 write 8011ff68 to r29
pc 800200b4 write 800200a4 to r31
pc 800200b8 write 8011ff80 to r30
pc 800200bc write 8011ff80 to r29
pc 800200c0
pc 800200a4 write 00000001 to r3
pc 800200a8 write 00000002 to r2
pc 800200ac write 00000002 to r2
pc 800200b0 write 8011ff80 to r29
pc 800200b4 write 800200a4 to r31
pc 800200b8 write 8011ff98 to r30
pc 800200bc write 8011ff98 to r29
pc 800200c0
pc 800200a4 write 00000002 to r3
pc 800200a8 write 00000003 to r2
pc 800200ac write 00000006 to r2
pc 800200b0 write 8011ff98 to r29
pc 800200b4 write 800200a4 to r31
pc 800200b8 write 8011ffb0 to r30
pc 800200bc write 8011ffb0 to r29
pc 800200c0
pc 800200a4 write 00000006 to r3
pc 800200a8 write 00000004 to r2
pc 800200ac write 00000018 to r2
pc 800200b0 write 8011ffb0 to r29
pc 800200b4 write 800200a4 to r31
pc 800200b8 write 8011ffc8 to r30
pc 800200bc write 8011ffc8 to r29
pc 800200c0
pc 800200a4 write 00000018 to r3
pc 800200a8 write 00000005 to r2
pc 800200ac write 00000078 to r2
pc 800200b0 write 8011ffc8 to r29
pc 800200b4 write 80020028 to r31
pc 800200b8 write 8011ffe0 to r30
pc 800200bc write 8011ffe0 to r29
pc 800200c0
pc 80020028 store 00000078 at [8011fff4]
pc 8002002c write 00000005 to r2
pc 80020030 write 00000006 to r2
pc 80020034 store 00000006 at [8011fff0]
pc 80020038 write 00000006 to r2
pc 8002003c write 00000001 to r2
pc 80020040
pc 8002001c write 00000006 to r4
pc 80020020 write 80020028 to r31
pc 80020064 write 8011ffc8 to r29
pc 80020068 store 80020028 at [8011ffdc]
pc 8002006c store 8011ffe0 at [8011ffd8]
pc 80020070 write 8011ffc8 to r30
pc 80020074 store 00000006 at [8011ffe0]
pc 80020078 write 00000006 to r2
pc 8002007c
pc 80020090 write 00000006 to r2
pc 80020094 write 00000005 to r2
pc 80020098 write 00000005 to r4
pc 8002009c write 800200a4 to r31
pc 80020064 write 8011ffb0 to r29
pc 80020068 store 800200a4 at [8011ffc4]
pc 8002006c store 8011ffc8 at [8011ffc0]
pc 80020070 write 8011ffb0 to r30
pc 80020074 store 00000005 at [8011ffc8]
pc 80020078 write 00000005 to r2
pc 8002007c
pc 80020090 write 00000005 to r2
pc 80020094 write 00000004 to r2
pc 80020098 write 00000004 to r4
pc 8002009c write 800200a4 to r31
pc 80020064 write 8011ff98 to r29
pc 80020068 store 800200a4 at [8011ffac]
pc 8002006c store 8011ffb0 at [8011ffa8]
pc 80020070 write 8011ff98 to r30
pc 80020074 store 00000004 at [8011ffb0]
pc 80020078 write 00000004 to r2
pc 8002007c
pc 80020090 write 00000004 to r2
pc 80020094 write 00000003 to r2
pc 80020098 write 00000003 to r4
pc 8002009c write 800200a4 to r31
pc 80020064 write 8011ff80 to r29
pc 80020068 store 800200a4 at [8011ff94]
pc 8002006c store 8011ff98 at [8011ff90]
pc 80020070 write 8011ff80 to r30
pc 80020074 store 00000003 at [8011ff98]
pc 80020078 write 00000003 to r2
pc 8002007c
pc 80020090 write 00000003 to r2
pc 80020094 write 00000002 to r2
pc 80020098 write 00000002 to r4
pc 8002009c write 800200a4 to r31
pc 80020064 write 8011ff68 to r29
pc 80020068 store 800200a4 at [8011ff7c]
pc 8002006c store 8011ff80 at [8011ff78]
pc 80020070 write 8011ff68 to r30
pc 80020074 store 00000002 at [8011ff80]
pc 80020078 write 00000002 to r2
pc 8002007c
pc 80020090 write 00000002 to r2
pc 80020094 write 00000001 to r2
pc 80020098 write 00000001 to r4
pc 8002009c write 800200a4 to r31
pc 80020064 write 8011ff50 to r29
pc 80020068 store 800200a4 at [8011ff64]
pc 8002006c store 8011ff68 at [8011ff60]
pc 80020070 write 8011ff50 to r30
pc 80020074 store 00000001 at [8011ff68]
pc 80020078 write 00000001 to r2
pc 8002007c
pc 80020090 write 00000001 to r2
pc 80020094 write 00000000 to r2
pc 80020098 write 00000000 to r4
pc 8002009c write 800200a4 to r31
pc 80020064 write 8011ff38 to r29
pc 80020068 store 800200a4 at [8011ff4c]
pc 8002006c store 8011ff50 at [8011ff48]
pc 80020070 write 8011ff38 to r30
pc 80020074 store 00000000 at [8011ff50]
pc 80020078 write 00000000 to r2
pc 8002007c
pc 80020080 write 00000000 to r0
pc 80020084 write 00000001 to r2
pc 80020088
pc 800200b0 write 8011ff38 to r29
pc 800200b4 write 800200a4 to r31
pc 800200b8 write 8011ff50 to r30
pc 800200bc write 8011ff50 to r29
pc 800200c0
pc 800200a4 write 00000001 to r3
pc 800200a8 write 00000001 to r2
pc 800200ac write 00000001 to r2
pc 800200b0 write 8011ff50 to r29
pc 800200b4 write 800200a4 to r31
pc 800200b8 write 8011ff68 to r30
pc 800200bc write 8011ff68 to r29
pc 800200c0
pc 800200a4 write 00000001 to r3
pc 800200a8 write 00000002 to r2
pc 800200ac write 00000002 to r2
pc 800200b0 write 8011ff68 to r29
pc 800200b4 write 800200a4 to r31
pc 800200b8 write 8011ff80 to r30
pc 800200bc write 8011ff80 to r29
pc 800200c0
pc 800200a4 write 00000002 to r3
pc 800200a8 write 00000003 to r2
pc 800200ac write 00000006 to r2
pc 800200b0 write 8011ff80 to r29
pc 800200b4 write 800200a4 to r31
pc 800200b8 write 8011ff98 to r30
pc 800200bc write 8011ff98 to r29
pc 800200c0
pc 800200a4 write 00000006 to r3
pc 800200a8 write 00000004 to r2
pc 800200ac write 00000018 to r2
pc 800200b0 write 8011ff98 to r29
pc 800200b4 write 800200a4 to r31
pc 800200b8 write 8011ffb0 to r30
pc 800200bc write 8011ffb0 to r29
pc 800200c0
pc 800200a4 write 00000018 to r3
pc 800200a8 write 00000005 to r2
pc 800200ac write 00000078 to r2
pc 800200b0 write 8011ffb0 to r29
pc 800200b4 write 800200a4 to r31
pc 800200b8 write 8011ffc8 to r30
pc 800200bc write 8011ffc8 to r29
pc 800200c0
pc 800200a4 write 00000078 to r3
pc 800200a8 write 00000006 to r2
pc 800200ac write 000002d0 to r2
pc 800200b0 write 8011ffc8 to r29
pc 800200b4 write 80020028 to r31
pc 800200b8 write 8011ffe0 to r30
pc 800200bc write 8011ffe0 to r29
pc 800200c0
pc 80020028 store 000002d0 at [8011fff4]
pc 8002002c write 00000006 to r2
pc 80020030 write 00000007 to r2
pc 80020034 store 00000007 at [8011fff0]
pc 80020038 write 00000007 to r2
pc 8002003c write 00000001 to r2
pc 80020040
pc 8002001c write 00000007 to r4
pc 80020020 write 80020028 to r31
pc 80020064 write 8011ffc8 to r29
pc 80020068 store 80020028 at [8011ffdc]
pc 8002006c store 8011ffe0 at [8011ffd8]
pc 80020070 write 8011ffc8 to r30
pc 80020074 store 00000007 at [8011ffe0]
pc 80020078 write 00000007 to r2
pc 8002007c
pc 80020090 write 00000007 to r2
pc 80020094 write 00000006 to r2
pc 80020098 write 00000006 to r4
pc 8002009c write 800200a4 to r31
pc 80020064 write 8011ffb0 to r29
pc 80020068 store 800200a4 at [8011ffc4]
pc 8002006c store 8011ffc8 at [8011ffc0]
pc 80020070 write 8011ffb0 to r30
pc 80020074 store 00000006 at [8011ffc8]
pc 80020078 write 00000006 to r2
pc 8002007c
pc 80020090 write 00000006 to r2
pc 80020094 write 00000005 to r2
pc 80020098 write 00000005 to r4
pc 8002009c write 800200a4 to r31
pc 80020064 write 8011ff98 to r29
pc 80020068 store 800200a4 at [8011ffac]
pc 8002006c store 8011ffb0 at [8011ffa8]
pc 80020070 write 8011ff98 to r30
pc 80020074 store 00000005 at [8011ffb0]
pc 80020078 write 00000005 to r2
pc 8002007c
pc 80020090 write 00000005 to r2
pc 80020094 write 00000004 to r2
pc 80020098 write 00000004 to r4
pc 8002009c write 800200a4 to r31
pc 80020064 write 8011ff80 to r29
pc 80020068 store 800200a4 at [8011ff94]
pc 8002006c store 8011ff98 at [8011ff90]
pc 80020070 write 8011ff80 to r30
pc 80020074 store 00000004 at [8011ff98]
pc 80020078 write 00000004 to r2
pc 8002007c
pc 80020090 write 00000004 to r2
pc 80020094 write 00000003 to r2
pc 80020098 write 00000003 to r4
pc 8002009c write 800200a4 to r31
pc 80020064 write 8011ff68 to r29
pc 80020068 store 800200a4 at [8011ff7c]
pc 8002006c store 8011ff80 at [8011ff78]
pc 80020070 write 8011ff68 to r30
pc 80020074 store 00000003 at [8011ff80]
pc 80020078 write 00000003 to r2
pc 8002007c
pc 80020090 write 00000003 to r2
pc 80020094 write 00000002 to r2
pc 80020098 write 00000002 to r4
pc 8002009c write 800200a4 to r31
pc 80020064 write 8011ff50 to r29
pc 80020068 store 800200a4 at [8011ff64]
pc 8002006c store 8011ff68 at [8011ff60]
pc 80020070 write 8011ff50 to r30
pc 80020074 store 00000002 at [8011ff68]
pc 80020078 write 00000002 to r2
pc 8002007c
pc 80020090 write 00000002 to r2
pc 80020094 write 00000001 to r2
pc 80020098 write 00000001 to r4
pc 8002009c write 800200a4 to r31
pc 80020064 write 8011ff38 to r29
pc 80020068 store 800200a4 at [8011ff4c]
pc 8002006c store 8011ff50 at [8011ff48]
pc 80020070 write 8011ff38 to r30
pc 80020074 store 00000001 at [8011ff50]
pc 80020078 write 00000001 to r2
pc 8002007c
pc 80020090 write 00000001 to r2
pc 80020094 write 00000000 to r2
pc 80020098 write 00000000 to r4
pc 8002009c write 800200a4 to r31
pc 80020064 write 8011ff20 to r29
pc 80020068 store 800200a4 at [8011ff34]
pc 8002006c store 8011ff38 at [8011ff30]
pc 80020070 write 8011ff20 to r30
pc 80020074 store 00000000 at [8011ff38]
pc 80020078 write 00000000 to r2
pc 8002007c
pc 80020080 write 00000000 to r0
pc 80020084 write 00000001 to r2
pc 80020088
pc 800200b0 write 8011ff20 to r29
pc 800200b4 write 800200a4 to r31
pc 800200b8 write 8011ff38 to r30
pc 800200bc write 8011ff38 to r29
pc 800200c0
pc 800200a4 write 00000001 to r3
pc 800200a8 write 00000001 to r2
pc 800200ac write 00000001 to r2
pc 800200b0 write 8011ff38 to r29
pc 800200b4 write 800200a4 to r31
pc 800200b8 write 8011ff50 to r30
pc 800200bc write 8011ff50 to r29
pc 800200c0
pc 800200a4 write 00000001 to r3
pc 800200a8 write 00000002 to r2
pc 800200ac write 00000002 to r2
pc 800200b0 write 8011ff50 to r29
pc 800200b4 write 800200a4 to r31
pc 800200b8 write 8011ff68 to r30
pc 800200bc write 8011ff68 to r29
pc 800200c0
pc 800200a4 write 00000002 to r3
pc 800200a8 write 00000003 to r2
pc 800200ac write 00000006 to r2
pc 800200b0 write 8011ff68 to r29
pc 800200b4 write 800200a4 to r31
pc 800200b8 write 8011ff80 to r30
pc 800200bc write 8011ff80 to r29
pc 800200c0
pc 800200a4 write 00000006 to r3
pc 800200a8 write 00000004 to r2
pc 800200ac write 00000018 to r2
pc 800200b0 write 8011ff80 to r29
pc 800200b4 write 800200a4 to r31
pc 800200b8 write 8011ff98 to r30
pc 800200bc write 8011ff98 to r29
pc 800200c0
pc 800200a4 write 00000018 to r3
pc 800200a8 write 00000005 to r2
pc 800200ac write 00000078 to r2
pc 800200b0 write 8011ff98 to r29
pc 800200b4 write 800200a4 to r31
pc 800200b8 write 8011ffb0 to r30
pc 800200bc write 8011ffb0 to r29
pc 800200c0
pc 800200a4 write 00000078 to r3
pc 800200a8 write 00000006 to r2
pc 800200ac write 000002d0 to r2
pc 800200b0 write 8011ffb0 to r29
pc 800200b4 write 800200a4 to r31
pc 800200b8 write 8011ffc8 to r30
pc 800200bc write 8011ffc8 to r29
pc 800200c0
pc 800200a4 write 000002d0 to r3
pc 800200a8 write 00000007 to r2
pc 800200ac write 000013b0 to r2
pc 800200b0 write 8011ffc8 to r29
pc 800200b4 write 80020028 to r31
pc 800200b8 write 8011ffe0 to r30
pc 800200bc write 8011ffe0 to r29
pc 800200c0
pc 80020028 store 000013b0 at [8011fff4]
pc 8002002c write 00000007 to r2
pc 80020030 write 00000008 to r2
pc 80020034 store 00000008 at [8011fff0]
pc 80020038 write 00000008 to r2
pc 8002003c write 00000001 to r2
pc 80020040
pc 8002001c write 00000008 to r4
pc 80020020 write 80020028 to r31
pc 80020064 write 8011ffc8 to r29
pc 80020068 store 80020028 at [8011ffdc]
pc 8002006c store 8011ffe0 at [8011ffd8]
pc 80020070 write 8011ffc8 to r30
pc 80020074 store 00000008 at [8011ffe0]
pc 80020078 write 00000008 to r2
pc 8002007c
pc 80020090 write 00000008 to r2
pc 80020094 write 00000007 to r2
pc 80020098 write 00000007 to r4
pc 8002009c write 800200a4 to r31
pc 80020064 write 8011ffb0 to r29
pc 80020068 store 800200a4 at [8011ffc4]
pc 8002006c store 8011ffc8 at [8011ffc0]
pc 80020070 write 8011ffb0 to r30
pc 80020074 store 00000007 at [8011ffc8]
pc 80020078 write 00000007 to r2
pc 8002007c
pc 80020090 write 00000007 to r2
pc 80020094 write 00000006 to r2
pc 80020098 write 00000006 to r4
pc 8002009c write 800200a4 to r31
pc 80020064 write 8011ff98 to r29
pc 80020068 store 800200a4 at [8011ffac]
pc 8002006c store 8011ffb0 at [8011ffa8]
pc 80020070 write 8011ff98 to r30
pc 80020074 store 00000006 at [8011ffb0]
pc 80020078 write 00000006 to r2
pc 8002007c
pc 80020090 write 00000006 to r2
pc 80020094 write 00000005 to r2
pc 80020098 write 00000005 to r4
pc 8002009c write 800200a4 to r31
pc 80020064 write 8011ff80 to r29
pc 80020068 store 800200a4 at [8011ff94]
pc 8002006c store 8011ff98 at [8011ff90]
pc 80020070 write 8011ff80 to r30
pc 80020074 store 00000005 at [8011ff98]
pc 80020078 write 00000005 to r2
pc 8002007c
pc 80020090 write 00000005 to r2
pc 80020094 write 00000004 to r2
pc 80020098 write 00000004 to r4
pc 8002009c write 800200a4 to r31
pc 80020064 write 8011ff68 to r29
pc 80020068 store 800200a4 at [8011ff7c]
pc 8002006c store 8011ff80 at [8011ff78]
pc 80020070 write 8011ff68 to r30
pc 80020074 store 00000004 at [8011ff80]
pc 80020078 write 00000004 to r2
pc 8002007c
pc 80020090 write 00000004 to r2
pc 80020094 write 00000003 to r2
pc 80020098 write 00000003 to r4
pc 8002009c write 800200a4 to r31
pc 80020064 write 8011ff50 to r29
pc 80020068 store 800200a4 at [8011ff64]
pc 8002006c store 8011ff68 at [8011ff60]
pc 80020070 write 8011ff50 to r30
pc 80020074 store 00000003 at [8011ff68]
pc 80020078 write 00000003 to r2
pc 8002007c
pc 80020090 write 00000003 to r2
pc 80020094 write 00000002 to r2
pc 80020098 write 00000002 to r4
pc 8002009c write 800200a4 to r31
pc 80020064 write 8011ff38 to r29
pc 80020068 store 800200a4 at [8011ff4c]
pc 8002006c store 8011ff50 at [8011ff48]
pc 80020070 write 8011ff38 to r30
pc 80020074 store 00000002 at [8011ff50]
pc 80020078 write 00000002 to r2
pc 8002007c
pc 80020090 write 00000002 to r2
pc 80020094 write 00000001 to r2
pc 80020098 write 00000001 to r4
pc 8002009c write 800200a4 to r31
pc 80020064 write 8011ff20 to r29
pc 80020068 store 800200a4 at [8011ff34]
pc 8002006c store 8011ff38 at [8011ff30]
pc 80020070 write 8011ff20 to r30
pc 80020074 store 00000001 at [8011ff38]
pc 80020078 write 00000001 to r2
pc 8002007c
pc 80020090 write 00000001 to r2
pc 80020094 write 00000000 to r2
pc 80020098 write 00000000 to r4
pc 8002009c write 800200a4 to r31
pc 80020064 write 8011ff08 to r29
pc 80020068 store 800200a4 at [8011ff1c]
pc 8002006c store 8011ff20 at [8011ff18]
pc 80020070 write 8011ff08 to r30
pc 80020074 store 00000000 at [8011ff20]
pc 80020078 write 00000000 to r2
pc 8002007c
pc 80020080 write 00000000 to r0
pc 80020084 write 00000001 to r2
pc 80020088
pc 800200b0 write 8011ff08 to r29
pc 800200b4 write 800200a4 to r31
pc 800200b8 write 8011ff20 to r30
pc 800200bc write 8011ff20 to r29
pc 800200c0
pc 800200a4 write 00000001 to r3
pc 800200a8 write 00000001 to r2
pc 800200ac write 00000001 to r2
pc 800200b0 write 8011ff20 to r29
pc 800200b4 write 800200a4 to r31
pc 800200b8 write 8011ff38 to r30
pc 800200bc write 8011ff38 to r29
pc 800200c0
pc 800200a4 write 00000001 to r3
pc 800200a8 write 00000002 to r2
pc 800200ac write 00000002 to r2
pc 800200b0 write 8011ff38 to r29
pc 800200b4 write 800200a4 to r31
pc 800200b8 write 8011ff50 to r30
pc 800200bc write 8011ff50 to r29
pc 800200c0
pc 800200a4 write 00000002 to r3
pc 800200a8 write 00000003 to r2
pc 800200ac write 00000006 to r2
pc 800200b0 write 8011ff50 to r29
pc 800200b4 write 800200a4 to r31
pc 800200b8 write 8011ff68 to r30
pc 800200bc write 8011ff68 to r29
pc 800200c0
pc 800200a4 write 00000006 to r3
pc 800200a8 write 00000004 to r2
pc 800200ac write 00000018 to r2
pc 800200b0 write 8011ff68 to r29
pc 800200b4 write 800200a4 to r31
pc 800200b8 write 8011ff80 to r30
pc 800200bc write 8011ff80 to r29
pc 800200c0
pc 800200a4 write 00000018 to r3
pc 800200a8 write 00000005 to r2
pc 800200ac write 00000078 to r2
pc 800200b0 write 8011ff80 to r29
pc 800200b4 write 800200a4 to r31
pc 800200b8 write 8011ff98 to r30
pc 800200bc write 8011ff98 to r29
pc 800200c0
pc 800200a4 write 00000078 to r3
pc 800200a8 write 00000006 to r2
pc 800200ac write 000002d0 to r2
pc 800200b0 write 8011ff98 to r29
pc 800200b4 write 800200a4 to r31
pc 800200b8 write 8011ffb0 to r30
pc 800200bc write 8011ffb0 to r29
pc 800200c0
pc 800200a4 write 000002d0 to r3
pc 800200a8 write 00000007 to r2
pc 800200ac write 000013b0 to r2
pc 800200b0 write 8011ffb0 to r29
pc 800200b4 write 800200a4 to r31
pc 800200b8 write 8011ffc8 to r30
pc 800200bc write 8011ffc8 to r29
pc 800200c0
pc 800200a4 write 000013b0 to r3
pc 800200a8 write 00000008 to r2
pc 800200ac write 00009d80 to r2
pc 800200b0 write 8011ffc8 to r29
pc 800200b4 write 80020028 to r31
pc 800200b8 write 8011ffe0 to r30
pc 800200bc write 8011ffe0 to r29
pc 800200c0
pc 80020028 store 00009d80 at [8011fff4]
pc 8002002c write 00000008 to r2
pc 80020030 write 00000009 to r2
pc 80020034 store 00000009 at [8011fff0]
pc 80020038 write 00000009 to r2
pc 8002003c write 00000001 to r2
pc 80020040
pc 8002001c write 00000009 to r4
pc 80020020 write 80020028 to r31
pc 80020064 write 8011ffc8 to r29
pc 80020068 store 80020028 at [8011ffdc]
pc 8002006c store 8011ffe0 at [8011ffd8]
pc 80020070 write 8011ffc8 to r30
pc 80020074 store 00000009 at [8011ffe0]
pc 80020078 write 00000009 to r2
pc 8002007c
pc 80020090 write 00000009 to r2
pc 80020094 write 00000008 to r2
pc 80020098 write 00000008 to r4
pc 8002009c write 800200a4 to r31
pc 80020064 write 8011ffb0 to r29
pc 80020068 store 800200a4 at [8011ffc4]
pc 8002006c store 8011ffc8 at [8011ffc0]
pc 80020070 write 8011ffb0 to r30
pc 80020074 store 00000008 at [8011ffc8]
pc 80020078 write 00000008 to r2
pc 8002007c
pc 80020090 write 00000008 to r2
pc 80020094 write 00000007 to r2
pc 80020098 write 00000007 to r4
pc 8002009c write 800200a4 to r31
pc 80020064 write 8011ff98 to r29
pc 80020068 store 800200a4 at [8011ffac]
pc 8002006c store 8011ffb0 at [8011ffa8]
pc 80020070 write 8011ff98 to r30
pc 80020074 store 00000007 at [8011ffb0]
pc 80020078 write 00000007 to r2
pc 8002007c
pc 80020090 write 00000007 to r2
pc 80020094 write 00000006 to r2
pc 80020098 write 00000006 to r4
pc 8002009c write 800200a4 to r31
pc 80020064 write 8011ff80 to r29
pc 80020068 store 800200a4 at [8011ff94]
pc 8002006c store 8011ff98 at [8011ff90]
pc 80020070 write 8011ff80 to r30
pc 80020074 store 00000006 at [8011ff98]
pc 80020078 write 00000006 to r2
pc 8002007c
pc 80020090 write 00000006 to r2
pc 80020094 write 00000005 to r2
pc 80020098 write 00000005 to r4
pc 8002009c write 800200a4 to r31
pc 80020064 write 8011ff68 to r29
pc 80020068 store 800200a4 at [8011ff7c]
pc 8002006c store 8011ff80 at [8011ff78]
pc 80020070 write 8011ff68 to r30
pc 80020074 store 00000005 at [8011ff80]
pc 80020078 write 00000005 to r2
pc 8002007c
pc 80020090 write 00000005 to r2
pc 80020094 write 00000004 to r2
pc 80020098 write 00000004 to r4
pc 8002009c write 800200a4 to r31
pc 80020064 write 8011ff50 to r29
pc 80020068 store 800200a4 at [8011ff64]
pc 8002006c store 8011ff68 at [8011ff60]
pc 80020070 write 8011ff50 to r30
pc 80020074 store 00000004 at [8011ff68]
pc 80020078 write 00000004 to r2
pc 8002007c
pc 80020090 write 00000004 to r2
pc 80020094 write 00000003 to r2
pc 80020098 write 00000003 to r4
pc 8002009c write 800200a4 to r31
pc 80020064 write 8011ff38 to r29
pc 80020068 store 800200a4 at [8011ff4c]
pc 8002006c store 8011ff50 at [8011ff48]
pc 80020070 write 8011ff38 to r30
pc 80020074 store 00000003 at [8011ff50]
pc 80020078 write 00000003 to r2
pc 8002007c
pc 80020090 write 00000003 to r2
pc 80020094 write 00000002 to r2
pc 80020098 write 00000002 to r4
pc 8002009c write 800200a4 to r31
pc 80020064 write 8011ff20 to r29
pc 80020068 store 800200a4 at [8011ff34]
pc 8002006c store 8011ff38 at [8011ff30]
pc 80020070 write 8011ff20 to r30
pc 80020074 store 00000002 at [8011ff38]
pc 80020078 write 00000002 to r2
pc 8002007c
pc 80020090 write 00000002 to r2
pc 80020094 write 00000001 to r2
pc 80020098 write 00000001 to r4
pc 8002009c write 800200a4 to r31
pc 80020064 write 8011ff08 to r29
pc 80020068 store 800200a4 at [8011ff1c]
pc 8002006c store 8011ff20 at [8011ff18]
pc 80020070 write 8011ff08 to r30
pc 80020074 store 00000001 at [8011ff20]
pc 80020078 write 00000001 to r2
pc 8002007c
pc 80020090 write 00000001 to r2
pc 80020094 write 00000000 to r2
pc 80020098 write 00000000 to r4
pc 8002009c write 800200a4 to r31
pc 80020064 write 8011fef0 to r29
pc 80020068 store 800200a4 at [8011ff04]
pc 8002006c store 8011ff08 at [8011ff00]
pc 80020070 write 8011fef0 to r30
pc 80020074 store 00000000 at [8011ff08]
pc 80020078 write 00000000 to r2
pc 8002007c
pc 80020080 write 00000000 to r0
pc 80020084 write 00000001 to r2
pc 80020088
pc 800200b0 write 8011fef0 to r29
pc 800200b4 write 800200a4 to r31
pc 800200b8 write 8011ff08 to r30
pc 800200bc write 8011ff08 to r29
pc 800200c0
pc 800200a4 write 00000001 to r3
pc 800200a8 write 00000001 to r2
pc 800200ac write 00000001 to r2
pc 800200b0 write 8011ff08 to r29
pc 800200b4 write 800200a4 to r31
pc 800200b8 write 8011ff20 to r30
pc 800200bc write 8011ff20 to r29
pc 800200c0
pc 800200a4 write 00000001 to r3
pc 800200a8 write 00000002 to r2
pc 800200ac write 00000002 to r2
pc 800200b0 write 8011ff20 to r29
pc 800200b4 write 800200a4 to r31
pc 800200b8 write 8011ff38 to r30
pc 800200bc write 8011ff38 to r29
pc 800200c0
pc 800200a4 write 00000002 to r3
pc 800200a8 write 00000003 to r2
pc 800200ac write 00000006 to r2
pc 800200b0 write 8011ff38 to r29
pc 800200b4 write 800200a4 to r31
pc 800200b8 write 8011ff50 to r30
pc 800200bc write 8011ff50 to r29
pc 800200c0
pc 800200a4 write 00000006 to r3
pc 800200a8 write 00000004 to r2
pc 800200ac write 00000018 to r2
pc 800200b0 write 8011ff50 to r29
pc 800200b4 write 800200a4 to r31
pc 800200b8 write 8011ff68 to r30
pc 800200bc write 8011ff68 to r29
pc 800200c0
pc 800200a4 write 00000018 to r3
pc 800200a8 write 00000005 to r2
pc 800200ac write 00000078 to r2
pc 800200b0 write 8011ff68 to r29
pc 800200b4 write 800200a4 to r31
pc 800200b8 write 8011ff80 to r30
pc 800200bc write 8011ff80 to r29
pc 800200c0
pc 800200a4 write 00000078 to r3
pc 800200a8 write 00000006 to r2
pc 800200ac write 000002d0 to r2
pc 800200b0 write 8011ff80 to r29
pc 800200b4 write 800200a4 to r31
pc 800200b8 write 8011ff98 to r30
pc 800200bc write 8011ff98 to r29
pc 800200c0
pc 800200a4 write 000002d0 to r3
pc 800200a8 write 00000007 to r2
pc 800200ac write 000013b0 to r2
pc 800200b0 write 8011ff98 to r29
pc 800200b4 write 800200a4 to r31
pc 800200b8 write 8011ffb0 to r30
pc 800200bc write 8011ffb0 to r29
pc 800200c0
pc 800200a4 write 000013b0 to r3
pc 800200a8 write 00000008 to r2
pc 800200ac write 00009d80 to r2
pc 800200b0 write 8011ffb0 to r29
pc 800200b4 write 800200a4 to r31
pc 800200b8 write 8011ffc8 to r30
pc 800200bc write 8011ffc8 to r29
pc 800200c0
pc 800200a4 write 00009d80 to r3
pc 800200a8 write 00000009 to r2
pc 800200ac write 00058980 to r2
pc 800200b0 write 8011ffc8 to r29
pc 800200b4 write 80020028 to r31
pc 800200b8 write 8011ffe0 to r30
pc 800200bc write 8011ffe0 to r29
pc 800200c0
pc 80020028 store 00058980 at [8011fff4]
pc 8002002c write 00000009 to r2
pc 80020030 write 0000000a to r2
pc 80020034 store 0000000a at [8011fff0]
pc 80020038 write 0000000a to r2
pc 8002003c write 00000000 to r2
pc 80020040
pc 80020044 write 00000000 to r0
pc 80020048 write 00000000 to r2
pc 8002004c write 8011ffe0 to r29
pc 80020050 write 00000000 to r31
pc 80020054 write xxxxxxxx to r30
pc 80020058 write 80120000 to r29
pc 8002005c
