iverilog -g2005-sv -s tb_SumArray_debug -o SumArray_debug.vvp p3_tb.sv memory.sv regfile.sv mips.sv
vvp -n SumArray_debug.vvp
pc 80020000 write 8011ffc8 to r29
pc 80020004 store xxxxxxxx at [8011fffc]
pc 80020008 write 8011ffc8 to r30
pc 8002000c store 00000000 at [8011ffc8]
pc 80020010 store 00000000 at [8011ffcc]
pc 80020014 store 00000000 at [8011ffc8]
pc 80020018
pc 80020040 write 00000000 to r2
pc 80020044 write 00000001 to r2
pc 80020048
pc 80020020 write 00000000 to r2
pc 80020024 write 00000000 to r2
pc 80020028 write 8011ffc8 to r2
pc 8002002c write 00000000 to r3
pc 80020030 store 00000000 at [8011ffd0]
pc 80020034 write 00000000 to r2
pc 80020038 write 00000001 to r2
pc 8002003c store 00000001 at [8011ffc8]
pc 80020040 write 00000001 to r2
pc 80020044 write 00000001 to r2
pc 80020048
pc 80020020 write 00000001 to r2
pc 80020024 write 00000004 to r2
pc 80020028 write 8011ffcc to r2
pc 8002002c write 00000001 to r3
pc 80020030 store 00000001 at [8011ffd4]
pc 80020034 write 00000001 to r2
pc 80020038 write 00000002 to r2
pc 8002003c store 00000002 at [8011ffc8]
pc 80020040 write 00000002 to r2
pc 80020044 write 00000001 to r2
pc 80020048
pc 80020020 write 00000002 to r2
pc 80020024 write 00000008 to r2
pc 80020028 write 8011ffd0 to r2
pc 8002002c write 00000002 to r3
pc 80020030 store 00000002 at [8011ffd8]
pc 80020034 write 00000002 to r2
pc 80020038 write 00000003 to r2
pc 8002003c store 00000003 at [8011ffc8]
pc 80020040 write 00000003 to r2
pc 80020044 write 00000001 to r2
pc 80020048
pc 80020020 write 00000003 to r2
pc 80020024 write 0000000c to r2
pc 80020028 write 8011ffd4 to r2
pc 8002002c write 00000003 to r3
pc 80020030 store 00000003 at [8011ffdc]
pc 80020034 write 00000003 to r2
pc 80020038 write 00000004 to r2
pc 8002003c store 00000004 at [8011ffc8]
pc 80020040 write 00000004 to r2
pc 80020044 write 00000001 to r2
pc 80020048
pc 80020020 write 00000004 to r2
pc 80020024 write 00000010 to r2
pc 80020028 write 8011ffd8 to r2
pc 8002002c write 00000004 to r3
pc 80020030 store 00000004 at [8011ffe0]
pc 80020034 write 00000004 to r2
pc 80020038 write 00000005 to r2
pc 8002003c store 00000005 at [8011ffc8]
pc 80020040 write 00000005 to r2
pc 80020044 write 00000001 to r2
pc 80020048
pc 80020020 write 00000005 to r2
pc 80020024 write 00000014 to r2
pc 80020028 write 8011ffdc to r2
pc 8002002c write 00000005 to r3
pc 80020030 store 00000005 at [8011ffe4]
pc 80020034 write 00000005 to r2
pc 80020038 write 00000006 to r2
pc 8002003c store 00000006 at [8011ffc8]
pc 80020040 write 00000006 to r2
pc 80020044 write 00000001 to r2
pc 80020048
pc 80020020 write 00000006 to r2
pc 80020024 write 00000018 to r2
pc 80020028 write 8011ffe0 to r2
pc 8002002c write 00000006 to r3
pc 80020030 store 00000006 at [8011ffe8]
pc 80020034 write 00000006 to r2
pc 80020038 write 00000007 to r2
pc 8002003c store 00000007 at [8011ffc8]
pc 80020040 write 00000007 to r2
pc 80020044 write 00000001 to r2
pc 80020048
pc 80020020 write 00000007 to r2
pc 80020024 write 0000001c to r2
pc 80020028 write 8011ffe4 to r2
pc 8002002c write 00000007 to r3
pc 80020030 store 00000007 at [8011ffec]
pc 80020034 write 00000007 to r2
pc 80020038 write 00000008 to r2
pc 8002003c store 00000008 at [8011ffc8]
pc 80020040 write 00000008 to r2
pc 80020044 write 00000001 to r2
pc 80020048
pc 80020020 write 00000008 to r2
pc 80020024 write 00000020 to r2
pc 80020028 write 8011ffe8 to r2
pc 8002002c write 00000008 to r3
pc 80020030 store 00000008 at [8011fff0]
pc 80020034 write 00000008 to r2
pc 80020038 write 00000009 to r2
pc 8002003c store 00000009 at [8011ffc8]
pc 80020040 write 00000009 to r2
pc 80020044 write 00000001 to r2
pc 80020048
pc 80020020 write 00000009 to r2
pc 80020024 write 00000024 to r2
pc 80020028 write 8011ffec to r2
pc 8002002c write 00000009 to r3
pc 80020030 store 00000009 at [8011fff4]
pc 80020034 write 00000009 to r2
pc 80020038 write 0000000a to r2
pc 8002003c store 0000000a at [8011ffc8]
pc 80020040 write 0000000a to r2
pc 80020044 write 00000000 to r2
pc 80020048
pc 8002004c write 00000000 to r0
pc 80020050 store 00000000 at [8011ffc8]
pc 80020054
pc 80020084 write 00000000 to r2
pc 80020088 write 00000001 to r2
pc 8002008c
pc 8002005c write 00000000 to r2
pc 80020060 write 00000000 to r2
pc 80020064 write 8011ffc8 to r2
pc 80020068 write 00000000 to r2
pc 8002006c write 00000000 to r3
pc 80020070 write 00000000 to r2
pc 80020074 store 00000000 at [8011ffcc]
pc 80020078 write 00000000 to r2
pc 8002007c write 00000001 to r2
pc 80020080 store 00000001 at [8011ffc8]
pc 80020084 write 00000001 to r2
pc 80020088 write 00000001 to r2
pc 8002008c
pc 8002005c write 00000001 to r2
pc 80020060 write 00000004 to r2
pc 80020064 write 8011ffcc to r2
pc 80020068 write 00000001 to r2
pc 8002006c write 00000000 to r3
pc 80020070 write 00000001 to r2
pc 80020074 store 00000001 at [8011ffcc]
pc 80020078 write 00000001 to r2
pc 8002007c write 00000002 to r2
pc 80020080 store 00000002 at [8011ffc8]
pc 80020084 write 00000002 to r2
pc 80020088 write 00000001 to r2
pc 8002008c
pc 8002005c write 00000002 to r2
pc 80020060 write 00000008 to r2
pc 80020064 write 8011ffd0 to r2
pc 80020068 write 00000002 to r2
pc 8002006c write 00000001 to r3
pc 80020070 write 00000003 to r2
pc 80020074 store 00000003 at [8011ffcc]
pc 80020078 write 00000002 to r2
pc 8002007c write 00000003 to r2
pc 80020080 store 00000003 at [8011ffc8]
pc 80020084 write 00000003 to r2
pc 80020088 write 00000001 to r2
pc 8002008c
pc 8002005c write 00000003 to r2
pc 80020060 write 0000000c to r2
pc 80020064 write 8011ffd4 to r2
pc 80020068 write 00000003 to r2
pc 8002006c write 00000003 to r3
pc 80020070 write 00000006 to r2
pc 80020074 store 00000006 at [8011ffcc]
pc 80020078 write 00000003 to r2
pc 8002007c write 00000004 to r2
pc 80020080 store 00000004 at [8011ffc8]
pc 80020084 write 00000004 to r2
pc 80020088 write 00000001 to r2
pc 8002008c
pc 8002005c write 00000004 to r2
pc 80020060 write 00000010 to r2
pc 80020064 write 8011ffd8 to r2
pc 80020068 write 00000004 to r2
pc 8002006c write 00000006 to r3
pc 80020070 write 0000000a to r2
pc 80020074 store 0000000a at [8011ffcc]
pc 80020078 write 00000004 to r2
pc 8002007c write 00000005 to r2
pc 80020080 store 00000005 at [8011ffc8]
pc 80020084 write 00000005 to r2
pc 80020088 write 00000001 to r2
pc 8002008c
pc 8002005c write 00000005 to r2
pc 80020060 write 00000014 to r2
pc 80020064 write 8011ffdc to r2
pc 80020068 write 00000005 to r2
pc 8002006c write 0000000a to r3
pc 80020070 write 0000000f to r2
pc 80020074 store 0000000f at [8011ffcc]
pc 80020078 write 00000005 to r2
pc 8002007c write 00000006 to r2
pc 80020080 store 00000006 at [8011ffc8]
pc 80020084 write 00000006 to r2
pc 80020088 write 00000001 to r2
pc 8002008c
pc 8002005c write 00000006 to r2
pc 80020060 write 00000018 to r2
pc 80020064 write 8011ffe0 to r2
pc 80020068 write 00000006 to r2
pc 8002006c write 0000000f to r3
pc 80020070 write 00000015 to r2
pc 80020074 store 00000015 at [8011ffcc]
pc 80020078 write 00000006 to r2
pc 8002007c write 00000007 to r2
pc 80020080 store 00000007 at [8011ffc8]
pc 80020084 write 00000007 to r2
pc 80020088 write 00000001 to r2
pc 8002008c
pc 8002005c write 00000007 to r2
pc 80020060 write 0000001c to r2
pc 80020064 write 8011ffe4 to r2
pc 80020068 write 00000007 to r2
pc 8002006c write 00000015 to r3
pc 80020070 write 0000001c to r2
pc 80020074 store 0000001c at [8011ffcc]
pc 80020078 write 00000007 to r2
pc 8002007c write 00000008 to r2
pc 80020080 store 00000008 at [8011ffc8]
pc 80020084 write 00000008 to r2
pc 80020088 write 00000001 to r2
pc 8002008c
pc 8002005c write 00000008 to r2
pc 80020060 write 00000020 to r2
pc 80020064 write 8011ffe8 to r2
pc 80020068 write 00000008 to r2
pc 8002006c write 0000001c to r3
pc 80020070 write 00000024 to r2
pc 80020074 store 00000024 at [8011ffcc]
pc 80020078 write 00000008 to r2
pc 8002007c write 00000009 to r2
pc 80020080 store 00000009 at [8011ffc8]
pc 80020084 write 00000009 to r2
pc 80020088 write 00000001 to r2
pc 8002008c
pc 8002005c write 00000009 to r2
pc 80020060 write 00000024 to r2
pc 80020064 write 8011ffec to r2
pc 80020068 write 00000009 to r2
pc 8002006c write 00000024 to r3
pc 80020070 write 0000002d to r2
pc 80020074 store 0000002d at [8011ffcc]
pc 80020078 write 00000009 to r2
pc 8002007c write 0000000a to r2
pc 80020080 store 0000000a at [8011ffc8]
pc 80020084 write 0000000a to r2
pc 80020088 write 00000000 to r2
pc 8002008c
pc 80020090 write 00000000 to r0
pc 80020094 write 0000002d to r2
pc 80020098 write 8011ffc8 to r29
pc 8002009c write xxxxxxxx to r30
pc 800200a0 write 80120000 to r29
pc 800200a4
