iverilog -g2005-sv -s tb_Swap_debug -o Swap_debug.vvp p3_tb.sv memory.sv regfile.sv mips.sv
vvp -n Swap_debug.vvp
pc 80020000 write 8011ffd8 to r29
pc 80020004 store 00000000 at [8011fffc]
pc 80020008 store xxxxxxxx at [8011fff8]
pc 8002000c write 8011ffd8 to r30
pc 80020010 write 00000005 to r2
pc 80020014 store 00000005 at [8011fff0]
pc 80020018 write 00000009 to r2
pc 8002001c store 00000009 at [8011fff4]
pc 80020020 write 8011fff0 to r2
pc 80020024 store 8011fff0 at [8011ffe8]
pc 80020028 write 8011fff4 to r2
pc 8002002c store 8011fff4 at [8011ffec]
pc 80020030 write 8011fff0 to r4
pc 80020034 write 8011fff4 to r5
pc 80020038 write 80020040 to r31
pc 8002007c write 8011ffc8 to r29
pc 80020080 store 8011ffd8 at [8011ffd4]
pc 80020084 write 8011ffc8 to r30
pc 80020088 store 8011fff0 at [8011ffd8]
pc 8002008c store 8011fff4 at [8011ffdc]
pc 80020090 write 8011fff0 to r2
pc 80020094 write 00000005 to r2
pc 80020098 store 00000005 at [8011ffc8]
pc 8002009c write 8011fff4 to r2
pc 800200a0 write 00000009 to r3
pc 800200a4 write 8011fff0 to r2
pc 800200a8 store 00000009 at [8011fff0]
pc 800200ac write 8011fff4 to r2
pc 800200b0 write 00000005 to r3
pc 800200b4 store 00000005 at [8011fff4]
pc 800200b8 write 8011ffc8 to r29
pc 800200bc write 8011ffd8 to r30
pc 800200c0 write 8011ffd8 to r29
pc 800200c4
pc 80020040 write 8011fff0 to r2
pc 80020044 write 00000009 to r2
pc 80020048 store 00000009 at [8011fff0]
pc 8002004c write 8011fff4 to r2
pc 80020050 write 00000005 to r2
pc 80020054 store 00000005 at [8011fff4]
pc 80020058 write 00000009 to r3
pc 8002005c write 00000005 to r2
pc 80020060 write 0000000e to r2
pc 80020064 write 8011ffd8 to r29
pc 80020068 write 00000000 to r31
pc 8002006c write xxxxxxxx to r30
pc 80020070 write 80120000 to r29
pc 80020074
